<?xml version="1.0" encoding="utf-8"?><testsuites name="pytest tests"><testsuite name="pytest" errors="0" failures="0" skipped="0" tests="17" time="1.310" timestamp="2026-02-12T11:20:10.791627+00:00" hostname="agent-env-d4d861d6-f764-4830-9636-175f295cf105"><testcase classname="backend.tests.test_admin_dashboard_modules.TestAdminLogin" name="test_login_with_valid_credentials" time="0.398" /><testcase classname="backend.tests.test_admin_dashboard_modules.TestAdminLogin" name="test_login_with_invalid_credentials" time="0.068" /><testcase classname="backend.tests.test_admin_dashboard_modules.TestJobApplicationsAdmin" name="test_get_applications_list" time="0.306" /><testcase classname="backend.tests.test_admin_dashboard_modules.TestJobApplicationsAdmin" name="test_get_applications_with_status_filter" time="0.009" /><testcase classname="backend.tests.test_admin_dashboard_modules.TestJobApplicationsAdmin" name="test_get_applications_with_priority_filter" time="0.014" /><testcase classname="backend.tests.test_admin_dashboard_modules.TestPressArticlesAdmin" name="test_get_admin_articles_list" time="0.011" /><testcase classname="backend.tests.test_admin_dashboard_modules.TestPressArticlesAdmin" name="test_create_article" time="0.052" /><testcase classname="backend.tests.test_admin_dashboard_modules.TestPressArticlesAdmin" name="test_create_article_validation_fails_without_title" time="0.012" /><testcase classname="backend.tests.test_admin_dashboard_modules.TestPressArticlesAdmin" name="test_create_article_validation_fails_short_content" time="0.010" /><testcase classname="backend.tests.test_admin_dashboard_modules.TestPressArticlesAdmin" name="test_update_article" time="0.022" /><testcase classname="backend.tests.test_admin_dashboard_modules.TestPressArticlesAdmin" name="test_publish_unpublish_article" time="0.077" /><testcase classname="backend.tests.test_admin_dashboard_modules.TestPressArticlesAdmin" name="test_set_featured_article" time="0.061" /><testcase classname="backend.tests.test_admin_dashboard_modules.TestPublicPressPage" name="test_get_published_articles" time="0.008" /><testcase classname="backend.tests.test_admin_dashboard_modules.TestPublicPressPage" name="test_get_featured_article" time="0.048" /><testcase classname="backend.tests.test_admin_dashboard_modules.TestPublicPressPage" name="test_get_articles_by_tag" time="0.010" /><testcase classname="backend.tests.test_admin_dashboard_modules.TestPublicPressPage" name="test_get_single_article" time="0.057" /><testcase classname="backend.tests.test_admin_dashboard_modules.TestCleanup" name="test_cleanup_test_articles" time="0.018" /></testsuite></testsuites>