<?xml version="1.0" encoding="utf-8"?><testsuites name="pytest tests"><testsuite name="pytest" errors="0" failures="0" skipped="1" tests="13" time="2.044" timestamp="2026-02-09T18:18:25.650107+00:00" hostname="agent-env-d8e1fb51-eb75-4139-9b9b-598b61b1cb10"><testcase classname="backend.tests.test_admin_ads_geo.TestGeoLocationAuth" name="test_login_returns_geo_field" time="0.427" /><testcase classname="backend.tests.test_admin_ads_geo.TestGeoLocationAuth" name="test_login_returns_last_login_geo_field" time="0.297" /><testcase classname="backend.tests.test_admin_ads_geo.TestGeoLocationAuth" name="test_register_returns_geo_field" time="0.349" /><testcase classname="backend.tests.test_admin_ads_geo.TestGeoLocationAuth" name="test_me_endpoint_returns_geo_fields" time="0.312" /><testcase classname="backend.tests.test_admin_ads_geo.TestAdminAdsApprovalEndpoints" name="test_get_pending_ads" time="0.019" /><testcase classname="backend.tests.test_admin_ads_geo.TestAdminAdsApprovalEndpoints" name="test_get_pending_campaigns" time="0.056" /><testcase classname="backend.tests.test_admin_ads_geo.TestAdminAdsApprovalEndpoints" name="test_get_ads_stats" time="0.021" /><testcase classname="backend.tests.test_admin_ads_geo.TestAdminAdsApprovalEndpoints" name="test_ads_endpoints_require_auth" time="0.156" /><testcase classname="backend.tests.test_admin_ads_geo.TestAdminAdsApprovalEndpoints" name="test_ads_endpoints_require_admin" time="0.109"><skipped type="pytest.skip" message="Business user authentication failed - status: 401">/app/backend/tests/test_admin_ads_geo.py:214: Business user authentication failed - status: 401</skipped></testcase><testcase classname="backend.tests.test_admin_ads_geo.TestApproveRejectAds" name="test_approve_ad_nonexistent" time="0.016" /><testcase classname="backend.tests.test_admin_ads_geo.TestApproveRejectAds" name="test_reject_ad_nonexistent" time="0.053" /><testcase classname="backend.tests.test_admin_ads_geo.TestApproveRejectAds" name="test_approve_campaign_nonexistent" time="0.053" /><testcase classname="backend.tests.test_admin_ads_geo.TestApproveRejectAds" name="test_reject_campaign_nonexistent" time="0.053" /></testsuite></testsuites>