<?xml version="1.0" encoding="utf-8"?><testsuites name="pytest tests"><testsuite name="pytest" errors="0" failures="0" skipped="0" tests="8" time="4.377" timestamp="2026-02-22T14:57:14.807014+00:00" hostname="agent-env-0d8a46b0-04db-49f6-94eb-9e2234619949"><testcase classname="tests.test_ai_thumbnails.TestAIThumbnailEndpoints" name="test_providers_status_endpoint" time="0.594" /><testcase classname="tests.test_ai_thumbnails.TestAIThumbnailEndpoints" name="test_library_endpoint_returns_empty_initially" time="0.554" /><testcase classname="tests.test_ai_thumbnails.TestAIThumbnailEndpoints" name="test_library_endpoint_with_pagination" time="0.528" /><testcase classname="tests.test_ai_thumbnails.TestAIThumbnailEndpoints" name="test_library_endpoint_with_series_filter" time="0.527" /><testcase classname="tests.test_ai_thumbnails.TestAIThumbnailEndpoints" name="test_providers_status_requires_auth" time="0.501" /><testcase classname="tests.test_ai_thumbnails.TestAIThumbnailEndpoints" name="test_library_requires_auth" time="0.541" /><testcase classname="tests.test_ai_thumbnails.TestAIThumbnailEndpoints" name="test_generate_endpoint_validation" time="0.535" /><testcase classname="tests.test_ai_thumbnails.TestAIThumbnailEndpoints" name="test_generate_from_genre_validation" time="0.532" /></testsuite></testsuites>