<?xml version="1.0" encoding="utf-8"?><testsuites name="pytest tests"><testsuite name="pytest" errors="0" failures="0" skipped="0" tests="20" time="6.387" timestamp="2026-02-05T12:19:13.449356+00:00" hostname="agent-env-debb4cde-b2b5-4998-9234-60e9a1b36875"><testcase classname="backend.tests.test_analytics_and_uploads.TestCreatorAnalytics" name="test_analytics_default_period" time="0.352" /><testcase classname="backend.tests.test_analytics_and_uploads.TestCreatorAnalytics" name="test_analytics_7d_period" time="0.287" /><testcase classname="backend.tests.test_analytics_and_uploads.TestCreatorAnalytics" name="test_analytics_30d_period" time="0.291" /><testcase classname="backend.tests.test_analytics_and_uploads.TestCreatorAnalytics" name="test_analytics_90d_period" time="0.291" /><testcase classname="backend.tests.test_analytics_and_uploads.TestCreatorAnalytics" name="test_analytics_all_time" time="0.279" /><testcase classname="backend.tests.test_analytics_and_uploads.TestCreatorAnalytics" name="test_analytics_custom_period" time="0.284" /><testcase classname="backend.tests.test_analytics_and_uploads.TestCreatorAnalytics" name="test_analytics_compare_30d" time="0.276" /><testcase classname="backend.tests.test_analytics_and_uploads.TestCreatorAnalytics" name="test_analytics_compare_7d" time="0.289" /><testcase classname="backend.tests.test_analytics_and_uploads.TestCreatorAnalytics" name="test_analytics_unauthenticated" time="0.328" /><testcase classname="backend.tests.test_analytics_and_uploads.TestSeriesThumbnailUpdate" name="test_get_creator_series" time="0.323" /><testcase classname="backend.tests.test_analytics_and_uploads.TestSeriesThumbnailUpdate" name="test_update_series_thumbnail_url" time="0.291" /><testcase classname="backend.tests.test_analytics_and_uploads.TestSeriesThumbnailUpdate" name="test_update_series_with_title_and_description" time="0.286" /><testcase classname="backend.tests.test_analytics_and_uploads.TestSeriesThumbnailUpdate" name="test_update_series_invalid_thumbnail_url" time="0.325" /><testcase classname="backend.tests.test_analytics_and_uploads.TestEpisodeThumbnailAndVideoUpdate" name="test_update_episode_thumbnail_url" time="0.386" /><testcase classname="backend.tests.test_analytics_and_uploads.TestEpisodeThumbnailAndVideoUpdate" name="test_update_episode_video_url" time="0.347" /><testcase classname="backend.tests.test_analytics_and_uploads.TestEpisodeThumbnailAndVideoUpdate" name="test_update_episode_both_urls" time="0.342" /><testcase classname="backend.tests.test_analytics_and_uploads.TestEpisodeThumbnailAndVideoUpdate" name="test_update_episode_invalid_thumbnail_url" time="0.337" /><testcase classname="backend.tests.test_analytics_and_uploads.TestEpisodeThumbnailAndVideoUpdate" name="test_update_episode_invalid_video_url" time="0.318" /><testcase classname="backend.tests.test_analytics_and_uploads.TestCreatorDashboard" name="test_creator_status" time="0.320" /><testcase classname="backend.tests.test_analytics_and_uploads.TestCreatorDashboard" name="test_creator_dashboard" time="0.279" /></testsuite></testsuites>