<?xml version="1.0" encoding="utf-8"?><testsuites name="pytest tests"><testsuite name="pytest" errors="0" failures="0" skipped="0" tests="21" time="4.263" timestamp="2026-01-30T11:23:23.425917+00:00" hostname="agent-env-ab687f3a-f6aa-4385-ad50-fe28fb960918"><testcase classname="backend.tests.test_badges.TestBadgesPublicEndpoints" name="test_get_all_badges_returns_200" time="0.076" /><testcase classname="backend.tests.test_badges.TestBadgesPublicEndpoints" name="test_get_all_badges_returns_10_badges" time="0.036" /><testcase classname="backend.tests.test_badges.TestBadgesPublicEndpoints" name="test_get_all_badges_schema" time="0.036" /><testcase classname="backend.tests.test_badges.TestBadgesPublicEndpoints" name="test_get_all_badges_contains_expected_badges" time="0.037" /><testcase classname="backend.tests.test_badges.TestBadgesPublicEndpoints" name="test_get_leaderboard_returns_200" time="0.039" /><testcase classname="backend.tests.test_badges.TestBadgesPublicEndpoints" name="test_get_leaderboard_returns_list" time="0.043" /><testcase classname="backend.tests.test_badges.TestBadgesAuthRequired" name="test_get_my_badges_requires_auth" time="0.040" /><testcase classname="backend.tests.test_badges.TestBadgesAuthRequired" name="test_check_badges_requires_auth" time="0.035" /><testcase classname="backend.tests.test_badges.TestBadgesAuthRequired" name="test_featured_badges_requires_auth" time="0.073" /><testcase classname="backend.tests.test_badges.TestBadgesAuthenticatedEndpoints" name="test_get_my_badges_returns_200" time="0.293" /><testcase classname="backend.tests.test_badges.TestBadgesAuthenticatedEndpoints" name="test_get_my_badges_schema" time="0.298" /><testcase classname="backend.tests.test_badges.TestBadgesAuthenticatedEndpoints" name="test_get_my_badges_progress_calculation" time="0.301" /><testcase classname="backend.tests.test_badges.TestBadgesAuthenticatedEndpoints" name="test_check_badges_returns_200" time="0.291" /><testcase classname="backend.tests.test_badges.TestBadgesAuthenticatedEndpoints" name="test_check_badges_response_schema" time="0.290" /><testcase classname="backend.tests.test_badges.TestBadgesAuthenticatedEndpoints" name="test_featured_badges_max_3_validation" time="0.292" /><testcase classname="backend.tests.test_badges.TestBadgesAuthenticatedEndpoints" name="test_featured_badges_unearned_validation" time="0.321" /><testcase classname="backend.tests.test_badges.TestBadgesAuthenticatedEndpoints" name="test_featured_badges_update_success" time="0.326" /><testcase classname="backend.tests.test_badges.TestBadgesAuthenticatedEndpoints" name="test_featured_badges_persist" time="0.360" /><testcase classname="backend.tests.test_badges.TestBadgeProgressTypes" name="test_early_adopter_progress" time="0.407" /><testcase classname="backend.tests.test_badges.TestBadgeProgressTypes" name="test_first_steps_progress" time="0.304" /><testcase classname="backend.tests.test_badges.TestBadgeProgressTypes" name="test_marathon_master_progress" time="0.293" /></testsuite></testsuites>