<?xml version="1.0" encoding="utf-8"?><testsuites name="pytest tests"><testsuite name="pytest" errors="0" failures="8" skipped="0" tests="21" time="0.875" timestamp="2026-01-30T11:22:43.467393+00:00" hostname="agent-env-ab687f3a-f6aa-4385-ad50-fe28fb960918"><testcase classname="backend.tests.test_badges.TestBadgesPublicEndpoints" name="test_get_all_badges_returns_200" time="0.112" /><testcase classname="backend.tests.test_badges.TestBadgesPublicEndpoints" name="test_get_all_badges_returns_10_badges" time="0.013" /><testcase classname="backend.tests.test_badges.TestBadgesPublicEndpoints" name="test_get_all_badges_schema" time="0.013" /><testcase classname="backend.tests.test_badges.TestBadgesPublicEndpoints" name="test_get_all_badges_contains_expected_badges" time="0.012" /><testcase classname="backend.tests.test_badges.TestBadgesPublicEndpoints" name="test_get_leaderboard_returns_200" time="0.010" /><testcase classname="backend.tests.test_badges.TestBadgesPublicEndpoints" name="test_get_leaderboard_returns_list" time="0.013" /><testcase classname="backend.tests.test_badges.TestBadgesAuthenticatedEndpoints" name="test_get_my_badges_requires_auth" time="0.007" /><testcase classname="backend.tests.test_badges.TestBadgesAuthenticatedEndpoints" name="test_get_my_badges_returns_200" time="0.249" /><testcase classname="backend.tests.test_badges.TestBadgesAuthenticatedEndpoints" name="test_get_my_badges_schema" time="0.015" /><testcase classname="backend.tests.test_badges.TestBadgesAuthenticatedEndpoints" name="test_get_my_badges_progress_calculation" time="0.010" /><testcase classname="backend.tests.test_badges.TestBadgesAuthenticatedEndpoints" name="test_check_badges_requires_auth" time="0.050" /><testcase classname="backend.tests.test_badges.TestBadgesAuthenticatedEndpoints" name="test_check_badges_returns_200" time="0.051"><failure message="assert 401 == 200&#10; +  where 401 = &lt;Response [401]&gt;.status_code">backend/tests/test_badges.py:162: in test_check_badges_returns_200
    assert response.status_code == 200
E   assert 401 == 200
E    +  where 401 = &lt;Response [401]&gt;.status_code</failure></testcase><testcase classname="backend.tests.test_badges.TestBadgesAuthenticatedEndpoints" name="test_check_badges_response_schema" time="0.009"><failure message="AssertionError: assert 'newly_earned' in {'detail': 'Not authenticated'}">backend/tests/test_badges.py:169: in test_check_badges_response_schema
    assert "newly_earned" in data
E   AssertionError: assert 'newly_earned' in {'detail': 'Not authenticated'}</failure></testcase><testcase classname="backend.tests.test_badges.TestBadgesAuthenticatedEndpoints" name="test_featured_badges_requires_auth" time="0.008" /><testcase classname="backend.tests.test_badges.TestBadgesAuthenticatedEndpoints" name="test_featured_badges_max_3_validation" time="0.009"><failure message="assert 401 == 400&#10; +  where 401 = &lt;Response [401]&gt;.status_code">backend/tests/test_badges.py:188: in test_featured_badges_max_3_validation
    assert response.status_code == 400
E   assert 401 == 400
E    +  where 401 = &lt;Response [401]&gt;.status_code</failure></testcase><testcase classname="backend.tests.test_badges.TestBadgesAuthenticatedEndpoints" name="test_featured_badges_unearned_validation" time="0.048" /><testcase classname="backend.tests.test_badges.TestBadgesAuthenticatedEndpoints" name="test_featured_badges_update_success" time="0.008"><failure message="KeyError: 'badges'">backend/tests/test_badges.py:205: in test_featured_badges_update_success
    earned_badges = [b["id"] for b in my_badges_response.json()["badges"] if b["earned"]]
                                      ^^^^^^^^^^^^^^^^^^^^^^^^^^^^^^^^^^^
E   KeyError: 'badges'</failure></testcase><testcase classname="backend.tests.test_badges.TestBadgesAuthenticatedEndpoints" name="test_featured_badges_persist" time="0.049"><failure message="KeyError: 'badges'">backend/tests/test_badges.py:226: in test_featured_badges_persist
    earned_badges = [b["id"] for b in my_badges_response.json()["badges"] if b["earned"]]
                                      ^^^^^^^^^^^^^^^^^^^^^^^^^^^^^^^^^^^
E   KeyError: 'badges'</failure></testcase><testcase classname="backend.tests.test_badges.TestBadgeProgressTypes" name="test_early_adopter_progress" time="0.008"><failure message="KeyError: 'badges'">backend/tests/test_badges.py:245: in test_early_adopter_progress
    badges = response.json()["badges"]
             ^^^^^^^^^^^^^^^^^^^^^^^^^
E   KeyError: 'badges'</failure></testcase><testcase classname="backend.tests.test_badges.TestBadgeProgressTypes" name="test_first_steps_progress" time="0.007"><failure message="KeyError: 'badges'">backend/tests/test_badges.py:255: in test_first_steps_progress
    badges = response.json()["badges"]
             ^^^^^^^^^^^^^^^^^^^^^^^^^
E   KeyError: 'badges'</failure></testcase><testcase classname="backend.tests.test_badges.TestBadgeProgressTypes" name="test_marathon_master_progress" time="0.007"><failure message="KeyError: 'badges'">backend/tests/test_badges.py:265: in test_marathon_master_progress
    badges = response.json()["badges"]
             ^^^^^^^^^^^^^^^^^^^^^^^^^
E   KeyError: 'badges'</failure></testcase></testsuite></testsuites>