<?xml version="1.0" encoding="utf-8"?><testsuites name="pytest tests"><testsuite name="pytest" errors="0" failures="0" skipped="0" tests="16" time="4.076" timestamp="2026-02-09T18:31:21.744303+00:00" hostname="agent-env-d8e1fb51-eb75-4139-9b9b-598b61b1cb10"><testcase classname="tests.test_business_dashboard_analytics.TestAdvertiserAuth" name="test_advertiser_login_success" time="0.347" /><testcase classname="tests.test_business_dashboard_analytics.TestDailyAnalytics" name="test_daily_analytics_default_days" time="0.312" /><testcase classname="tests.test_business_dashboard_analytics.TestDailyAnalytics" name="test_daily_analytics_14_days" time="0.314" /><testcase classname="tests.test_business_dashboard_analytics.TestDailyAnalytics" name="test_daily_analytics_summary" time="0.304" /><testcase classname="tests.test_business_dashboard_analytics.TestCampaignAnalytics" name="test_campaign_analytics_structure" time="0.307" /><testcase classname="tests.test_business_dashboard_analytics.TestCampaignAnalytics" name="test_campaign_analytics_campaign_data" time="0.300" /><testcase classname="tests.test_business_dashboard_analytics.TestOverviewAnalytics" name="test_overview_analytics" time="0.304" /><testcase classname="tests.test_business_dashboard_analytics.TestPlacementAnalytics" name="test_placement_analytics" time="0.301" /><testcase classname="tests.test_business_dashboard_analytics.TestGeoAnalytics" name="test_geo_analytics" time="0.314" /><testcase classname="tests.test_business_dashboard_analytics.TestCampaignWithGeoTargeting" name="test_get_campaigns_list" time="0.311" /><testcase classname="tests.test_business_dashboard_analytics.TestCampaignWithGeoTargeting" name="test_campaign_has_geo_targeting_field" time="0.310" /><testcase classname="tests.test_business_dashboard_analytics.TestCampaignWithGeoTargeting" name="test_create_campaign_requires_balance" time="0.318" /><testcase classname="tests.test_business_dashboard_analytics.TestUnauthorizedAccess" name="test_daily_analytics_requires_auth" time="0.048" /><testcase classname="tests.test_business_dashboard_analytics.TestUnauthorizedAccess" name="test_campaign_analytics_requires_auth" time="0.063" /><testcase classname="tests.test_business_dashboard_analytics.TestUnauthorizedAccess" name="test_overview_analytics_requires_auth" time="0.048" /><testcase classname="tests.test_business_dashboard_analytics.TestUnauthorizedAccess" name="test_invalid_token_rejected" time="0.039" /></testsuite></testsuites>