<?xml version="1.0" encoding="utf-8"?><testsuites name="pytest tests"><testsuite name="pytest" errors="0" failures="0" skipped="0" tests="13" time="1.477" timestamp="2026-02-09T18:47:19.577334+00:00" hostname="agent-env-d8e1fb51-eb75-4139-9b9b-598b61b1cb10"><testcase classname="backend.tests.test_campaign_alerts.TestAdvertiserAlerts" name="test_get_advertiser_alerts_returns_structure" time="0.367" /><testcase classname="backend.tests.test_campaign_alerts.TestAdvertiserAlerts" name="test_get_advertiser_alerts_unread_only" time="0.047" /><testcase classname="backend.tests.test_campaign_alerts.TestAdvertiserAlerts" name="test_get_advertiser_alerts_with_limit" time="0.047" /><testcase classname="backend.tests.test_campaign_alerts.TestAdvertiserAlerts" name="test_advertiser_alerts_requires_auth" time="0.046" /><testcase classname="backend.tests.test_campaign_alerts.TestAdvertiserAlerts" name="test_mark_alert_read_nonexistent" time="0.045" /><testcase classname="backend.tests.test_campaign_alerts.TestAdvertiserAlerts" name="test_mark_all_alerts_read" time="0.045" /><testcase classname="backend.tests.test_campaign_alerts.TestAdminAlerts" name="test_get_admin_alerts_returns_structure" time="0.448" /><testcase classname="backend.tests.test_campaign_alerts.TestAdminAlerts" name="test_get_admin_alerts_unread_only" time="0.036" /><testcase classname="backend.tests.test_campaign_alerts.TestAdminAlerts" name="test_admin_alerts_requires_auth" time="0.074" /><testcase classname="backend.tests.test_campaign_alerts.TestAdminAlerts" name="test_admin_mark_alert_read_nonexistent" time="0.081" /><testcase classname="backend.tests.test_campaign_alerts.TestAdminAlerts" name="test_admin_mark_all_alerts_read" time="0.040" /><testcase classname="backend.tests.test_campaign_alerts.TestAlertIntegration" name="test_alerts_empty_for_new_campaigns" time="0.043" /><testcase classname="backend.tests.test_campaign_alerts.TestAlertIntegration" name="test_alert_fields_if_present" time="0.043" /></testsuite></testsuites>