<?xml version="1.0" encoding="utf-8"?><testsuites name="pytest tests"><testsuite name="pytest" errors="14" failures="5" skipped="0" tests="19" time="1.208" timestamp="2026-02-27T17:23:00.878518+00:00" hostname="agent-env-de4fe4d1-98aa-4bc0-a069-e04358105cc3"><testcase classname="backend.tests.test_contract_edit_and_super_creator.TestContractEdit" name="test_edit_contract_updates_version" time="0.215"><error message="failed on setup with &quot;AssertionError: Login failed: {&quot;detail&quot;:&quot;Automated requests are not allowed&quot;}&#10;assert 403 == 200&#10; +  where 403 = &lt;Response [403]&gt;.status_code&quot;">backend/tests/test_contract_edit_and_super_creator.py:30: in auth_token
    assert response.status_code == 200, f"Login failed: {response.text}"
E   AssertionError: Login failed: {"detail":"Automated requests are not allowed"}
E   assert 403 == 200
E    +  where 403 = &lt;Response [403]&gt;.status_code</error></testcase><testcase classname="backend.tests.test_contract_edit_and_super_creator.TestContractEdit" name="test_edit_contract_updates_revenue_terms" time="0.000"><error message="failed on setup with &quot;AssertionError: Login failed: {&quot;detail&quot;:&quot;Automated requests are not allowed&quot;}&#10;assert 403 == 200&#10; +  where 403 = &lt;Response [403]&gt;.status_code&quot;">backend/tests/test_contract_edit_and_super_creator.py:30: in auth_token
    assert response.status_code == 200, f"Login failed: {response.text}"
E   AssertionError: Login failed: {"detail":"Automated requests are not allowed"}
E   assert 403 == 200
E    +  where 403 = &lt;Response [403]&gt;.status_code</error></testcase><testcase classname="backend.tests.test_contract_edit_and_super_creator.TestContractEdit" name="test_edit_contract_updates_contract_terms" time="0.000"><error message="failed on setup with &quot;AssertionError: Login failed: {&quot;detail&quot;:&quot;Automated requests are not allowed&quot;}&#10;assert 403 == 200&#10; +  where 403 = &lt;Response [403]&gt;.status_code&quot;">backend/tests/test_contract_edit_and_super_creator.py:30: in auth_token
    assert response.status_code == 200, f"Login failed: {response.text}"
E   AssertionError: Login failed: {"detail":"Automated requests are not allowed"}
E   assert 403 == 200
E    +  where 403 = &lt;Response [403]&gt;.status_code</error></testcase><testcase classname="backend.tests.test_contract_edit_and_super_creator.TestContractEdit" name="test_edit_contract_requires_auth" time="0.000"><error message="failed on setup with &quot;AssertionError: Login failed: {&quot;detail&quot;:&quot;Automated requests are not allowed&quot;}&#10;assert 403 == 200&#10; +  where 403 = &lt;Response [403]&gt;.status_code&quot;">backend/tests/test_contract_edit_and_super_creator.py:30: in auth_token
    assert response.status_code == 200, f"Login failed: {response.text}"
E   AssertionError: Login failed: {"detail":"Automated requests are not allowed"}
E   assert 403 == 200
E    +  where 403 = &lt;Response [403]&gt;.status_code</error></testcase><testcase classname="backend.tests.test_contract_edit_and_super_creator.TestContractEdit" name="test_edit_contract_not_found" time="0.000"><error message="failed on setup with &quot;AssertionError: Login failed: {&quot;detail&quot;:&quot;Automated requests are not allowed&quot;}&#10;assert 403 == 200&#10; +  where 403 = &lt;Response [403]&gt;.status_code&quot;">backend/tests/test_contract_edit_and_super_creator.py:30: in auth_token
    assert response.status_code == 200, f"Login failed: {response.text}"
E   AssertionError: Login failed: {"detail":"Automated requests are not allowed"}
E   assert 403 == 200
E    +  where 403 = &lt;Response [403]&gt;.status_code</error></testcase><testcase classname="backend.tests.test_contract_edit_and_super_creator.TestContractActivate" name="test_activate_contract_success" time="0.000"><error message="failed on setup with &quot;AssertionError: Login failed: {&quot;detail&quot;:&quot;Automated requests are not allowed&quot;}&#10;assert 403 == 200&#10; +  where 403 = &lt;Response [403]&gt;.status_code&quot;">backend/tests/test_contract_edit_and_super_creator.py:30: in auth_token
    assert response.status_code == 200, f"Login failed: {response.text}"
E   AssertionError: Login failed: {"detail":"Automated requests are not allowed"}
E   assert 403 == 200
E    +  where 403 = &lt;Response [403]&gt;.status_code</error></testcase><testcase classname="backend.tests.test_contract_edit_and_super_creator.TestContractActivate" name="test_activate_contract_only_signed_allowed" time="0.000"><error message="failed on setup with &quot;AssertionError: Login failed: {&quot;detail&quot;:&quot;Automated requests are not allowed&quot;}&#10;assert 403 == 200&#10; +  where 403 = &lt;Response [403]&gt;.status_code&quot;">backend/tests/test_contract_edit_and_super_creator.py:30: in auth_token
    assert response.status_code == 200, f"Login failed: {response.text}"
E   AssertionError: Login failed: {"detail":"Automated requests are not allowed"}
E   assert 403 == 200
E    +  where 403 = &lt;Response [403]&gt;.status_code</error></testcase><testcase classname="backend.tests.test_contract_edit_and_super_creator.TestContractActivate" name="test_activate_contract_requires_auth" time="0.000"><error message="failed on setup with &quot;AssertionError: Login failed: {&quot;detail&quot;:&quot;Automated requests are not allowed&quot;}&#10;assert 403 == 200&#10; +  where 403 = &lt;Response [403]&gt;.status_code&quot;">backend/tests/test_contract_edit_and_super_creator.py:30: in auth_token
    assert response.status_code == 200, f"Login failed: {response.text}"
E   AssertionError: Login failed: {"detail":"Automated requests are not allowed"}
E   assert 403 == 200
E    +  where 403 = &lt;Response [403]&gt;.status_code</error></testcase><testcase classname="backend.tests.test_contract_edit_and_super_creator.TestSuperCreatorStatus" name="test_super_creator_status_endpoint_exists" time="0.000"><error message="failed on setup with &quot;AssertionError: Login failed: {&quot;detail&quot;:&quot;Automated requests are not allowed&quot;}&#10;assert 403 == 200&#10; +  where 403 = &lt;Response [403]&gt;.status_code&quot;">backend/tests/test_contract_edit_and_super_creator.py:30: in auth_token
    assert response.status_code == 200, f"Login failed: {response.text}"
E   AssertionError: Login failed: {"detail":"Automated requests are not allowed"}
E   assert 403 == 200
E    +  where 403 = &lt;Response [403]&gt;.status_code</error></testcase><testcase classname="backend.tests.test_contract_edit_and_super_creator.TestSuperCreatorStatus" name="test_super_creator_status_requires_auth" time="0.116"><failure message="assert 403 == 401&#10; +  where 403 = &lt;Response [403]&gt;.status_code">backend/tests/test_contract_edit_and_super_creator.py:444: in test_super_creator_status_requires_auth
    assert response.status_code == 401
E   assert 403 == 401
E    +  where 403 = &lt;Response [403]&gt;.status_code</failure></testcase><testcase classname="backend.tests.test_contract_edit_and_super_creator.TestSuperCreatorDashboard" name="test_super_creator_dashboard_returns_403_for_non_super_creator" time="0.000"><error message="failed on setup with &quot;AssertionError: Login failed: {&quot;detail&quot;:&quot;Automated requests are not allowed&quot;}&#10;assert 403 == 200&#10; +  where 403 = &lt;Response [403]&gt;.status_code&quot;">backend/tests/test_contract_edit_and_super_creator.py:30: in auth_token
    assert response.status_code == 200, f"Login failed: {response.text}"
E   AssertionError: Login failed: {"detail":"Automated requests are not allowed"}
E   assert 403 == 200
E    +  where 403 = &lt;Response [403]&gt;.status_code</error></testcase><testcase classname="backend.tests.test_contract_edit_and_super_creator.TestSuperCreatorDashboard" name="test_super_creator_dashboard_requires_auth" time="0.187"><failure message="assert 403 == 401&#10; +  where 403 = &lt;Response [403]&gt;.status_code">backend/tests/test_contract_edit_and_super_creator.py:470: in test_super_creator_dashboard_requires_auth
    assert response.status_code == 401
E   assert 403 == 401
E    +  where 403 = &lt;Response [403]&gt;.status_code</failure></testcase><testcase classname="backend.tests.test_contract_edit_and_super_creator.TestSuperCreatorSubCreators" name="test_list_sub_creators_returns_403_for_non_super_creator" time="0.000"><error message="failed on setup with &quot;AssertionError: Login failed: {&quot;detail&quot;:&quot;Automated requests are not allowed&quot;}&#10;assert 403 == 200&#10; +  where 403 = &lt;Response [403]&gt;.status_code&quot;">backend/tests/test_contract_edit_and_super_creator.py:30: in auth_token
    assert response.status_code == 200, f"Login failed: {response.text}"
E   AssertionError: Login failed: {"detail":"Automated requests are not allowed"}
E   assert 403 == 200
E    +  where 403 = &lt;Response [403]&gt;.status_code</error></testcase><testcase classname="backend.tests.test_contract_edit_and_super_creator.TestSuperCreatorSubCreators" name="test_create_sub_creator_returns_403_for_non_super_creator" time="0.000"><error message="failed on setup with &quot;AssertionError: Login failed: {&quot;detail&quot;:&quot;Automated requests are not allowed&quot;}&#10;assert 403 == 200&#10; +  where 403 = &lt;Response [403]&gt;.status_code&quot;">backend/tests/test_contract_edit_and_super_creator.py:30: in auth_token
    assert response.status_code == 200, f"Login failed: {response.text}"
E   AssertionError: Login failed: {"detail":"Automated requests are not allowed"}
E   assert 403 == 200
E    +  where 403 = &lt;Response [403]&gt;.status_code</error></testcase><testcase classname="backend.tests.test_contract_edit_and_super_creator.TestSuperCreatorSubCreators" name="test_sub_creators_requires_auth" time="0.157"><failure message="assert 403 == 401&#10; +  where 403 = &lt;Response [403]&gt;.status_code">backend/tests/test_contract_edit_and_super_creator.py:506: in test_sub_creators_requires_auth
    assert response.status_code == 401
E   assert 403 == 401
E    +  where 403 = &lt;Response [403]&gt;.status_code</failure></testcase><testcase classname="backend.tests.test_contract_edit_and_super_creator.TestSuperCreatorEarnings" name="test_earnings_endpoint_returns_403_for_non_super_creator" time="0.000"><error message="failed on setup with &quot;AssertionError: Login failed: {&quot;detail&quot;:&quot;Automated requests are not allowed&quot;}&#10;assert 403 == 200&#10; +  where 403 = &lt;Response [403]&gt;.status_code&quot;">backend/tests/test_contract_edit_and_super_creator.py:30: in auth_token
    assert response.status_code == 200, f"Login failed: {response.text}"
E   AssertionError: Login failed: {"detail":"Automated requests are not allowed"}
E   assert 403 == 200
E    +  where 403 = &lt;Response [403]&gt;.status_code</error></testcase><testcase classname="backend.tests.test_contract_edit_and_super_creator.TestSuperCreatorEarnings" name="test_earnings_requires_auth" time="0.137"><failure message="assert 403 == 401&#10; +  where 403 = &lt;Response [403]&gt;.status_code">backend/tests/test_contract_edit_and_super_creator.py:534: in test_earnings_requires_auth
    assert response.status_code == 401
E   assert 403 == 401
E    +  where 403 = &lt;Response [403]&gt;.status_code</failure></testcase><testcase classname="backend.tests.test_contract_edit_and_super_creator.TestSuperCreatorInvite" name="test_invite_returns_403_for_non_super_creator" time="0.000"><error message="failed on setup with &quot;AssertionError: Login failed: {&quot;detail&quot;:&quot;Automated requests are not allowed&quot;}&#10;assert 403 == 200&#10; +  where 403 = &lt;Response [403]&gt;.status_code&quot;">backend/tests/test_contract_edit_and_super_creator.py:30: in auth_token
    assert response.status_code == 200, f"Login failed: {response.text}"
E   AssertionError: Login failed: {"detail":"Automated requests are not allowed"}
E   assert 403 == 200
E    +  where 403 = &lt;Response [403]&gt;.status_code</error></testcase><testcase classname="backend.tests.test_contract_edit_and_super_creator.TestSuperCreatorInvite" name="test_invite_requires_auth" time="0.163"><failure message="assert 403 == 401&#10; +  where 403 = &lt;Response [403]&gt;.status_code">backend/tests/test_contract_edit_and_super_creator.py:563: in test_invite_requires_auth
    assert response.status_code == 401
E   assert 403 == 401
E    +  where 403 = &lt;Response [403]&gt;.status_code</failure></testcase></testsuite></testsuites>