<?xml version="1.0" encoding="utf-8"?><testsuites name="pytest tests"><testsuite name="pytest" errors="0" failures="0" skipped="0" tests="19" time="4.584" timestamp="2026-02-27T17:24:00.878738+00:00" hostname="agent-env-de4fe4d1-98aa-4bc0-a069-e04358105cc3"><testcase classname="backend.tests.test_contract_edit_and_super_creator.TestContractEdit" name="test_edit_contract_updates_version" time="1.231" /><testcase classname="backend.tests.test_contract_edit_and_super_creator.TestContractEdit" name="test_edit_contract_updates_revenue_terms" time="0.124" /><testcase classname="backend.tests.test_contract_edit_and_super_creator.TestContractEdit" name="test_edit_contract_updates_contract_terms" time="0.169" /><testcase classname="backend.tests.test_contract_edit_and_super_creator.TestContractEdit" name="test_edit_contract_requires_auth" time="0.119" /><testcase classname="backend.tests.test_contract_edit_and_super_creator.TestContractEdit" name="test_edit_contract_not_found" time="0.118" /><testcase classname="backend.tests.test_contract_edit_and_super_creator.TestContractActivate" name="test_activate_contract_success" time="0.721" /><testcase classname="backend.tests.test_contract_edit_and_super_creator.TestContractActivate" name="test_activate_contract_only_signed_allowed" time="0.252" /><testcase classname="backend.tests.test_contract_edit_and_super_creator.TestContractActivate" name="test_activate_contract_requires_auth" time="0.146" /><testcase classname="backend.tests.test_contract_edit_and_super_creator.TestSuperCreatorStatus" name="test_super_creator_status_endpoint_exists" time="0.147" /><testcase classname="backend.tests.test_contract_edit_and_super_creator.TestSuperCreatorStatus" name="test_super_creator_status_requires_auth" time="0.150" /><testcase classname="backend.tests.test_contract_edit_and_super_creator.TestSuperCreatorDashboard" name="test_super_creator_dashboard_returns_403_for_non_super_creator" time="0.135" /><testcase classname="backend.tests.test_contract_edit_and_super_creator.TestSuperCreatorDashboard" name="test_super_creator_dashboard_requires_auth" time="0.178" /><testcase classname="backend.tests.test_contract_edit_and_super_creator.TestSuperCreatorSubCreators" name="test_list_sub_creators_returns_403_for_non_super_creator" time="0.109" /><testcase classname="backend.tests.test_contract_edit_and_super_creator.TestSuperCreatorSubCreators" name="test_create_sub_creator_returns_403_for_non_super_creator" time="0.133" /><testcase classname="backend.tests.test_contract_edit_and_super_creator.TestSuperCreatorSubCreators" name="test_sub_creators_requires_auth" time="0.252" /><testcase classname="backend.tests.test_contract_edit_and_super_creator.TestSuperCreatorEarnings" name="test_earnings_endpoint_returns_403_for_non_super_creator" time="0.135" /><testcase classname="backend.tests.test_contract_edit_and_super_creator.TestSuperCreatorEarnings" name="test_earnings_requires_auth" time="0.107" /><testcase classname="backend.tests.test_contract_edit_and_super_creator.TestSuperCreatorInvite" name="test_invite_returns_403_for_non_super_creator" time="0.150" /><testcase classname="backend.tests.test_contract_edit_and_super_creator.TestSuperCreatorInvite" name="test_invite_requires_auth" time="0.126" /></testsuite></testsuites>