<?xml version="1.0" encoding="utf-8"?><testsuites name="pytest tests"><testsuite name="pytest" errors="0" failures="0" skipped="0" tests="16" time="2.835" timestamp="2026-02-21T13:33:39.159682+00:00" hostname="agent-env-bbda6e6b-762c-4ced-b05c-8323ecf39597"><testcase classname="backend.tests.test_creator_payout_automation.TestCreatorPortalAndAutoPayout" name="test_01_creator_status_endpoint" time="0.668" /><testcase classname="backend.tests.test_creator_payout_automation.TestCreatorPortalAndAutoPayout" name="test_02_creator_status_requires_auth" time="0.118" /><testcase classname="backend.tests.test_creator_payout_automation.TestCreatorPortalAndAutoPayout" name="test_03_creator_dashboard_endpoint" time="0.133" /><testcase classname="backend.tests.test_creator_payout_automation.TestCreatorPortalAndAutoPayout" name="test_04_creator_dashboard_requires_auth" time="0.126" /><testcase classname="backend.tests.test_creator_payout_automation.TestCreatorPortalAndAutoPayout" name="test_05_creator_series_list" time="0.147" /><testcase classname="backend.tests.test_creator_payout_automation.TestCreatorPortalAndAutoPayout" name="test_06_creator_series_requires_auth" time="0.119" /><testcase classname="backend.tests.test_creator_payout_automation.TestCreatorPortalAndAutoPayout" name="test_07_upload_settings_endpoint" time="0.124" /><testcase classname="backend.tests.test_creator_payout_automation.TestCreatorPortalAndAutoPayout" name="test_08_upload_settings_requires_auth" time="0.105" /><testcase classname="backend.tests.test_creator_payout_automation.TestCreatorPortalAndAutoPayout" name="test_09_auto_payout_settings_get" time="0.153" /><testcase classname="backend.tests.test_creator_payout_automation.TestCreatorPortalAndAutoPayout" name="test_10_auto_payout_settings_requires_auth" time="0.105" /><testcase classname="backend.tests.test_creator_payout_automation.TestCreatorPortalAndAutoPayout" name="test_11_auto_payout_settings_update_threshold" time="0.238" /><testcase classname="backend.tests.test_creator_payout_automation.TestCreatorPortalAndAutoPayout" name="test_12_auto_payout_settings_update_status" time="0.230" /><testcase classname="backend.tests.test_creator_payout_automation.TestCreatorPortalAndAutoPayout" name="test_13_auto_payout_settings_update_method" time="0.107" /><testcase classname="backend.tests.test_creator_payout_automation.TestCreatorPortalAndAutoPayout" name="test_14_auto_payout_settings_validate_min_threshold" time="0.121" /><testcase classname="backend.tests.test_creator_payout_automation.TestCreatorPortalAndAutoPayout" name="test_15_payout_history_endpoint" time="0.113" /><testcase classname="backend.tests.test_creator_payout_automation.TestCreatorPortalAndAutoPayout" name="test_16_payout_providers_endpoint" time="0.156" /></testsuite></testsuites>