<?xml version="1.0" encoding="utf-8"?><testsuites name="pytest tests"><testsuite name="pytest" errors="0" failures="0" skipped="0" tests="24" time="1.863" timestamp="2026-01-27T13:49:13.374401+00:00" hostname="agent-env-1db8293d-1098-49f8-95ba-f3d802671b08"><testcase classname="backend.tests.test_creator_partnership.TestCreatorApplication" name="test_creator_status_unauthenticated" time="0.082" /><testcase classname="backend.tests.test_creator_partnership.TestCreatorApplication" name="test_creator_status_for_non_creator" time="0.252" /><testcase classname="backend.tests.test_creator_partnership.TestCreatorApplication" name="test_creator_apply_success" time="0.014" /><testcase classname="backend.tests.test_creator_partnership.TestCreatorApplication" name="test_creator_apply_validation" time="0.013" /><testcase classname="backend.tests.test_creator_partnership.TestCreatorApplication" name="test_creator_status_after_apply" time="0.052" /><testcase classname="backend.tests.test_creator_partnership.TestApprovedCreatorDashboard" name="test_creator_status_approved" time="0.247" /><testcase classname="backend.tests.test_creator_partnership.TestApprovedCreatorDashboard" name="test_creator_dashboard" time="0.053" /><testcase classname="backend.tests.test_creator_partnership.TestApprovedCreatorDashboard" name="test_creator_dashboard_unauthenticated" time="0.010" /><testcase classname="backend.tests.test_creator_partnership.TestCreatorSeries" name="test_get_creator_series" time="0.015" /><testcase classname="backend.tests.test_creator_partnership.TestCreatorSeries" name="test_create_series" time="0.054" /><testcase classname="backend.tests.test_creator_partnership.TestCreatorSeries" name="test_create_series_validation" time="0.013" /><testcase classname="backend.tests.test_creator_partnership.TestCreatorSeries" name="test_get_series_detail" time="0.065" /><testcase classname="backend.tests.test_creator_partnership.TestCreatorEpisodes" name="test_create_episode" time="0.458" /><testcase classname="backend.tests.test_creator_partnership.TestCreatorEpisodes" name="test_get_episode_status" time="0.244" /><testcase classname="backend.tests.test_creator_partnership.TestSeriesSubmission" name="test_submit_series_without_episodes" time="0.029" /><testcase classname="backend.tests.test_creator_partnership.TestSeriesSubmission" name="test_submit_series_with_episodes" time="0.030" /><testcase classname="backend.tests.test_creator_partnership.TestAdminCreatorManagement" name="test_admin_list_creators" time="0.011" /><testcase classname="backend.tests.test_creator_partnership.TestAdminCreatorManagement" name="test_admin_approve_creator" time="0.028" /><testcase classname="backend.tests.test_creator_partnership.TestRevenueTracking" name="test_earnings_history" time="0.057" /><testcase classname="backend.tests.test_creator_partnership.TestRevenueTracking" name="test_payout_history" time="0.011" /><testcase classname="backend.tests.test_creator_partnership.TestPayoutRequests" name="test_payout_request_insufficient_balance" time="0.011" /><testcase classname="backend.tests.test_creator_partnership.TestPayoutRequests" name="test_payout_request_minimum_amount" time="0.021" /><testcase classname="backend.tests.test_creator_partnership.TestTierSystem" name="test_tier_revenue_shares" time="0.016" /><testcase classname="backend.tests.test_creator_partnership.TestTierSystem" name="test_milestone_bonuses_structure" time="0.015" /></testsuite></testsuites>