<?xml version="1.0" encoding="utf-8"?><testsuites name="pytest tests"><testsuite name="pytest" errors="0" failures="0" skipped="4" tests="24" time="2.049" timestamp="2026-01-27T13:43:57.337779+00:00" hostname="agent-env-1db8293d-1098-49f8-95ba-f3d802671b08"><testcase classname="backend.tests.test_creator_partnership.TestCreatorApplication" name="test_creator_status_unauthenticated" time="0.089" /><testcase classname="backend.tests.test_creator_partnership.TestCreatorApplication" name="test_creator_status_for_non_creator" time="0.052"><skipped type="pytest.skip" message="Failed to create/login new user: Internal Server Error">/app/backend/tests/test_creator_partnership.py:74: Failed to create/login new user: Internal Server Error</skipped></testcase><testcase classname="backend.tests.test_creator_partnership.TestCreatorApplication" name="test_creator_apply_success" time="0.000"><skipped type="pytest.skip" message="Failed to create/login new user: Internal Server Error">/app/backend/tests/test_creator_partnership.py:86: Failed to create/login new user: Internal Server Error</skipped></testcase><testcase classname="backend.tests.test_creator_partnership.TestCreatorApplication" name="test_creator_apply_validation" time="0.003"><skipped type="pytest.skip" message="Failed to create/login new user: Internal Server Error">/app/backend/tests/test_creator_partnership.py:113: Failed to create/login new user: Internal Server Error</skipped></testcase><testcase classname="backend.tests.test_creator_partnership.TestCreatorApplication" name="test_creator_status_after_apply" time="0.000"><skipped type="pytest.skip" message="Failed to create/login new user: Internal Server Error">/app/backend/tests/test_creator_partnership.py:133: Failed to create/login new user: Internal Server Error</skipped></testcase><testcase classname="backend.tests.test_creator_partnership.TestApprovedCreatorDashboard" name="test_creator_status_approved" time="0.331" /><testcase classname="backend.tests.test_creator_partnership.TestApprovedCreatorDashboard" name="test_creator_dashboard" time="0.022" /><testcase classname="backend.tests.test_creator_partnership.TestApprovedCreatorDashboard" name="test_creator_dashboard_unauthenticated" time="0.054" /><testcase classname="backend.tests.test_creator_partnership.TestCreatorSeries" name="test_get_creator_series" time="0.016" /><testcase classname="backend.tests.test_creator_partnership.TestCreatorSeries" name="test_create_series" time="0.061" /><testcase classname="backend.tests.test_creator_partnership.TestCreatorSeries" name="test_create_series_validation" time="0.017" /><testcase classname="backend.tests.test_creator_partnership.TestCreatorSeries" name="test_get_series_detail" time="0.069" /><testcase classname="backend.tests.test_creator_partnership.TestCreatorEpisodes" name="test_create_episode" time="0.511" /><testcase classname="backend.tests.test_creator_partnership.TestCreatorEpisodes" name="test_get_episode_status" time="0.294" /><testcase classname="backend.tests.test_creator_partnership.TestSeriesSubmission" name="test_submit_series_without_episodes" time="0.072" /><testcase classname="backend.tests.test_creator_partnership.TestSeriesSubmission" name="test_submit_series_with_episodes" time="0.068" /><testcase classname="backend.tests.test_creator_partnership.TestAdminCreatorManagement" name="test_admin_list_creators" time="0.017" /><testcase classname="backend.tests.test_creator_partnership.TestAdminCreatorManagement" name="test_admin_approve_creator" time="0.052" /><testcase classname="backend.tests.test_creator_partnership.TestRevenueTracking" name="test_earnings_history" time="0.023" /><testcase classname="backend.tests.test_creator_partnership.TestRevenueTracking" name="test_payout_history" time="0.012" /><testcase classname="backend.tests.test_creator_partnership.TestPayoutRequests" name="test_payout_request_insufficient_balance" time="0.011" /><testcase classname="backend.tests.test_creator_partnership.TestPayoutRequests" name="test_payout_request_minimum_amount" time="0.015" /><testcase classname="backend.tests.test_creator_partnership.TestTierSystem" name="test_tier_revenue_shares" time="0.060" /><testcase classname="backend.tests.test_creator_partnership.TestTierSystem" name="test_milestone_bonuses_structure" time="0.014" /></testsuite></testsuites>