<?xml version="1.0" encoding="utf-8"?><testsuites name="pytest tests"><testsuite name="pytest" errors="0" failures="0" skipped="0" tests="14" time="2.427" timestamp="2026-02-22T14:45:16.533458+00:00" hostname="agent-env-0d8a46b0-04db-49f6-94eb-9e2234619949"><testcase classname="tests.test_creator_new_tabs.TestMerchandiseAPIs" name="test_get_my_merchandise_items" time="0.705" /><testcase classname="tests.test_creator_new_tabs.TestMerchandiseAPIs" name="test_get_merchandise_analytics" time="0.125" /><testcase classname="tests.test_creator_new_tabs.TestMerchandiseAPIs" name="test_get_pending_orders" time="0.118" /><testcase classname="tests.test_creator_new_tabs.TestSponsorshipAPIs" name="test_browse_campaigns" time="0.174" /><testcase classname="tests.test_creator_new_tabs.TestSponsorshipAPIs" name="test_get_my_applications" time="0.108" /><testcase classname="tests.test_creator_new_tabs.TestSponsorshipAPIs" name="test_get_received_outreach" time="0.103" /><testcase classname="tests.test_creator_new_tabs.TestSponsorshipAPIs" name="test_get_creator_sponsorship_analytics" time="0.145" /><testcase classname="tests.test_creator_new_tabs.TestTrailersAPIs" name="test_get_my_trailers" time="0.181" /><testcase classname="tests.test_creator_new_tabs.TestTrailersAPIs" name="test_get_music_library" time="0.104" /><testcase classname="tests.test_creator_new_tabs.TestExistingCreatorTabs" name="test_get_earnings_realtime" time="0.118" /><testcase classname="tests.test_creator_new_tabs.TestExistingCreatorTabs" name="test_get_schedules" time="0.134" /><testcase classname="tests.test_creator_new_tabs.TestExistingCreatorTabs" name="test_get_milestones" time="0.126" /><testcase classname="tests.test_creator_new_tabs.TestCreatorStatus" name="test_get_creator_status" time="0.108" /><testcase classname="tests.test_creator_new_tabs.TestCreatorStatus" name="test_get_creator_dashboard" time="0.107" /></testsuite></testsuites>