<?xml version="1.0" encoding="utf-8"?><testsuites name="pytest tests"><testsuite name="pytest" errors="0" failures="0" skipped="3" tests="20" time="6.085" timestamp="2026-02-09T19:35:41.624393+00:00" hostname="agent-env-d8e1fb51-eb75-4139-9b9b-598b61b1cb10"><testcase classname="backend.tests.test_email_phone_verification.TestEmailPhoneVerification" name="test_send_email_verification_success" time="0.769" /><testcase classname="backend.tests.test_email_phone_verification.TestEmailPhoneVerification" name="test_send_email_verification_requires_auth" time="0.314" /><testcase classname="backend.tests.test_email_phone_verification.TestEmailPhoneVerification" name="test_verify_email_success" time="0.484" /><testcase classname="backend.tests.test_email_phone_verification.TestEmailPhoneVerification" name="test_verify_email_invalid_code" time="0.581" /><testcase classname="backend.tests.test_email_phone_verification.TestEmailPhoneVerification" name="test_verify_email_no_code_sent" time="0.398" /><testcase classname="backend.tests.test_email_phone_verification.TestEmailPhoneVerification" name="test_verify_email_already_verified" time="0.039" /><testcase classname="backend.tests.test_email_phone_verification.TestEmailPhoneVerification" name="test_send_otp_for_phone" time="0.044"><skipped type="pytest.skip" message="Failed to create test user with phone: {&quot;detail&quot;:[{&quot;type&quot;:&quot;value_error&quot;,&quot;loc&quot;:[&quot;body&quot;,&quot;phone&quot;],&quot;msg&quot;:&quot;Value error, Invalid phone number format&quot;,&quot;input&quot;:&quot;778e653d0&quot;,&quot;ctx&quot;:{&quot;error&quot;:{}},&quot;url&quot;:&quot;https://errors.pydantic.dev/2.12/v/value_error&quot;}]}">/app/backend/tests/test_email_phone_verification.py:233: Failed to create test user with phone: {"detail":[{"type":"value_error","loc":["body","phone"],"msg":"Value error, Invalid phone number format","input":"778e653d0","ctx":{"error":{}},"url":"https://errors.pydantic.dev/2.12/v/value_error"}]}</skipped></testcase><testcase classname="backend.tests.test_email_phone_verification.TestEmailPhoneVerification" name="test_verify_phone_code_requires_auth" time="0.038" /><testcase classname="backend.tests.test_email_phone_verification.TestEmailPhoneVerification" name="test_verify_phone_code_no_otp" time="0.000"><skipped type="pytest.skip" message="Failed to create test user with phone: {&quot;detail&quot;:[{&quot;type&quot;:&quot;value_error&quot;,&quot;loc&quot;:[&quot;body&quot;,&quot;phone&quot;],&quot;msg&quot;:&quot;Value error, Invalid phone number format&quot;,&quot;input&quot;:&quot;778e653d0&quot;,&quot;ctx&quot;:{&quot;error&quot;:{}},&quot;url&quot;:&quot;https://errors.pydantic.dev/2.12/v/value_error&quot;}]}">/app/backend/tests/test_email_phone_verification.py:257: Failed to create test user with phone: {"detail":[{"type":"value_error","loc":["body","phone"],"msg":"Value error, Invalid phone number format","input":"778e653d0","ctx":{"error":{}},"url":"https://errors.pydantic.dev/2.12/v/value_error"}]}</skipped></testcase><testcase classname="backend.tests.test_email_phone_verification.TestEmailPhoneVerification" name="test_verification_status_unverified" time="0.041"><skipped type="pytest.skip" message="Failed to create test user">/app/backend/tests/test_email_phone_verification.py:300: Failed to create test user</skipped></testcase><testcase classname="backend.tests.test_email_phone_verification.TestEmailPhoneVerification" name="test_verification_status_after_email_verified" time="0.828" /><testcase classname="backend.tests.test_email_phone_verification.TestEmailPhoneVerification" name="test_verification_status_requires_auth" time="0.037" /><testcase classname="backend.tests.test_email_phone_verification.TestEmailPhoneVerification" name="test_request_password_reset" time="0.043" /><testcase classname="backend.tests.test_email_phone_verification.TestEmailPhoneVerification" name="test_request_password_reset_nonexistent_email" time="0.082" /><testcase classname="backend.tests.test_email_phone_verification.TestEmailPhoneVerification" name="test_reset_password_invalid_token" time="0.044" /><testcase classname="backend.tests.test_email_phone_verification.TestEmailPhoneVerification" name="test_reset_password_short_password" time="0.041" /><testcase classname="backend.tests.test_email_phone_verification.TestEmailPhoneVerification" name="test_email_verification_awards_5_coins" time="0.823" /><testcase classname="backend.tests.test_email_phone_verification.TestUserRegistrationVerificationFields" name="test_new_user_has_verification_fields" time="0.321" /><testcase classname="backend.tests.test_email_phone_verification.TestUserRegistrationVerificationFields" name="test_login_returns_verification_fields" time="0.674" /><testcase classname="backend.tests.test_email_phone_verification.TestUserRegistrationVerificationFields" name="test_me_endpoint_returns_verification_fields" time="0.392" /></testsuite></testsuites>