<?xml version="1.0" encoding="utf-8"?><testsuites name="pytest tests"><testsuite name="pytest" errors="0" failures="0" skipped="0" tests="11" time="1.082" timestamp="2026-01-31T20:36:50.661289+00:00" hostname="agent-env-e2ea614d-1587-419f-9a4f-694fd7ea35df"><testcase classname="backend.tests.test_gamification.TestScratchCard" name="test_scratch_card_status" time="0.351" /><testcase classname="backend.tests.test_gamification.TestScratchCard" name="test_scratch_card_scratch_without_watching" time="0.081" /><testcase classname="backend.tests.test_gamification.TestStreakShield" name="test_streak_shield_status" time="0.039" /><testcase classname="backend.tests.test_gamification.TestStreakShield" name="test_streak_shield_purchase_insufficient_coins" time="0.041" /><testcase classname="backend.tests.test_gamification.TestPredictionStreak" name="test_prediction_streak" time="0.039" /><testcase classname="backend.tests.test_gamification.TestPredictionGame" name="test_prediction_for_episode" time="0.041" /><testcase classname="backend.tests.test_gamification.TestPredictionGame" name="test_prediction_submit" time="0.078" /><testcase classname="backend.tests.test_gamification.TestPredictionGame" name="test_prediction_submit_duplicate" time="0.082" /><testcase classname="backend.tests.test_gamification.TestEpisodeTrivia" name="test_trivia_get_questions_not_watched" time="0.049" /><testcase classname="backend.tests.test_gamification.TestEpisodeTrivia" name="test_trivia_submit_structure" time="0.046" /><testcase classname="backend.tests.test_gamification.TestAPIRouteOrder" name="test_prediction_streak_route_accessible" time="0.038" /></testsuite></testsuites>