<?xml version="1.0" encoding="utf-8"?><testsuites name="pytest tests"><testsuite name="pytest" errors="0" failures="0" skipped="0" tests="12" time="2.995" timestamp="2026-03-02T15:58:47.987308+00:00" hostname="agent-env-212139b4-932c-4f14-abdc-7d4dac368972"><testcase classname="backend.tests.test_image_upload_commission.TestCommissionSettingsEndpoints" name="test_get_commission_settings_superadmin" time="0.691" /><testcase classname="backend.tests.test_image_upload_commission.TestCommissionSettingsEndpoints" name="test_get_commission_settings_no_auth" time="0.201" /><testcase classname="backend.tests.test_image_upload_commission.TestCommissionSettingsEndpoints" name="test_update_commission_settings_superadmin" time="0.256" /><testcase classname="backend.tests.test_image_upload_commission.TestCommissionSettingsEndpoints" name="test_update_commission_invalid_percent" time="0.254" /><testcase classname="backend.tests.test_image_upload_commission.TestImageUploadEndpoints" name="test_upload_image_png" time="0.115" /><testcase classname="backend.tests.test_image_upload_commission.TestImageUploadEndpoints" name="test_upload_image_no_auth" time="0.135" /><testcase classname="backend.tests.test_image_upload_commission.TestImageUploadEndpoints" name="test_upload_image_invalid_type" time="0.140" /><testcase classname="backend.tests.test_image_upload_commission.TestImageUploadEndpoints" name="test_get_image" time="0.348" /><testcase classname="backend.tests.test_image_upload_commission.TestImageUploadEndpoints" name="test_get_image_not_found" time="0.136" /><testcase classname="backend.tests.test_image_upload_commission.TestCommissionRatesInTransactions" name="test_tip_uses_75_percent_commission" time="0.398" /><testcase classname="backend.tests.test_image_upload_commission.TestCommissionRatesInTransactions" name="test_verify_commission_settings_applied" time="0.110" /><testcase classname="backend.tests.test_image_upload_commission.TestPlatformSettingsFunction" name="test_get_platform_settings_returns_defaults" time="0.122" /></testsuite></testsuites>