<?xml version="1.0" encoding="utf-8"?><testsuites name="pytest tests"><testsuite name="pytest" errors="0" failures="4" skipped="7" tests="12" time="1.746" timestamp="2026-03-02T10:58:42.833068+00:00" hostname="agent-env-d516d558-b83c-4b8c-8e9e-e7b6ba4fe1e8"><testcase classname="backend.tests.test_livestream_ai_recommendations.TestLiveStreamingAPI" name="test_livestream_active_endpoint" time="0.286"><failure message="AssertionError: Expected 200, got 403: {&quot;detail&quot;:&quot;Automated requests are not allowed&quot;}&#10;assert 403 == 200&#10; +  where 403 = &lt;Response [403]&gt;.status_code">backend/tests/test_livestream_ai_recommendations.py:42: in test_livestream_active_endpoint
    assert response.status_code == 200, f"Expected 200, got {response.status_code}: {response.text}"
E   AssertionError: Expected 200, got 403: {"detail":"Automated requests are not allowed"}
E   assert 403 == 200
E    +  where 403 = &lt;Response [403]&gt;.status_code</failure></testcase><testcase classname="backend.tests.test_livestream_ai_recommendations.TestLiveStreamingAPI" name="test_livestream_scheduled_endpoint" time="0.135"><failure message="AssertionError: Expected 200, got 403: {&quot;detail&quot;:&quot;Automated requests are not allowed&quot;}&#10;assert 403 == 200&#10; +  where 403 = &lt;Response [403]&gt;.status_code">backend/tests/test_livestream_ai_recommendations.py:55: in test_livestream_scheduled_endpoint
    assert response.status_code == 200, f"Expected 200, got {response.status_code}: {response.text}"
E   AssertionError: Expected 200, got 403: {"detail":"Automated requests are not allowed"}
E   assert 403 == 200
E    +  where 403 = &lt;Response [403]&gt;.status_code</failure></testcase><testcase classname="backend.tests.test_livestream_ai_recommendations.TestLiveStreamingAPI" name="test_livestream_create_requires_auth" time="0.098" /><testcase classname="backend.tests.test_livestream_ai_recommendations.TestLiveStreamingAPI" name="test_livestream_create_requires_creator" time="0.132"><skipped type="pytest.skip" message="Login failed">/app/backend/tests/test_livestream_ai_recommendations.py:76: Login failed</skipped></testcase><testcase classname="backend.tests.test_livestream_ai_recommendations.TestAIRecommendationsAPI" name="test_ai_mood_happy" time="0.150"><skipped type="pytest.skip" message="Login failed">/app/backend/tests/test_livestream_ai_recommendations.py:120: Login failed</skipped></testcase><testcase classname="backend.tests.test_livestream_ai_recommendations.TestAIRecommendationsAPI" name="test_ai_mood_romantic" time="0.144"><skipped type="pytest.skip" message="Login failed">/app/backend/tests/test_livestream_ai_recommendations.py:136: Login failed</skipped></testcase><testcase classname="backend.tests.test_livestream_ai_recommendations.TestAIRecommendationsAPI" name="test_ai_mood_thrilling" time="0.105"><skipped type="pytest.skip" message="Login failed">/app/backend/tests/test_livestream_ai_recommendations.py:152: Login failed</skipped></testcase><testcase classname="backend.tests.test_livestream_ai_recommendations.TestAIRecommendationsAPI" name="test_ai_personalized_recommendations" time="0.097"><skipped type="pytest.skip" message="Login failed">/app/backend/tests/test_livestream_ai_recommendations.py:167: Login failed</skipped></testcase><testcase classname="backend.tests.test_livestream_ai_recommendations.TestAIRecommendationsAPI" name="test_ai_quick_picks_short" time="0.099"><skipped type="pytest.skip" message="Login failed">/app/backend/tests/test_livestream_ai_recommendations.py:182: Login failed</skipped></testcase><testcase classname="backend.tests.test_livestream_ai_recommendations.TestStandardRecommendationsAPI" name="test_for_you_recommendations" time="0.144"><skipped type="pytest.skip" message="Login failed">/app/backend/tests/test_livestream_ai_recommendations.py:221: Login failed</skipped></testcase><testcase classname="backend.tests.test_livestream_ai_recommendations.TestStandardRecommendationsAPI" name="test_trending_recommendations" time="0.100"><failure message="AssertionError: Expected 200, got 403: {&quot;detail&quot;:&quot;Automated requests are not allowed&quot;}&#10;assert 403 == 200&#10; +  where 403 = &lt;Response [403]&gt;.status_code">backend/tests/test_livestream_ai_recommendations.py:238: in test_trending_recommendations
    assert response.status_code == 200, f"Expected 200, got {response.status_code}: {response.text}"
E   AssertionError: Expected 200, got 403: {"detail":"Automated requests are not allowed"}
E   assert 403 == 200
E    +  where 403 = &lt;Response [403]&gt;.status_code</failure></testcase><testcase classname="backend.tests.test_livestream_ai_recommendations.TestSeriesAPI" name="test_series_list" time="0.103"><failure message="AssertionError: Expected 200, got 403: {&quot;detail&quot;:&quot;Automated requests are not allowed&quot;}&#10;assert 403 == 200&#10; +  where 403 = &lt;Response [403]&gt;.status_code">backend/tests/test_livestream_ai_recommendations.py:259: in test_series_list
    assert response.status_code == 200, f"Expected 200, got {response.status_code}: {response.text}"
E   AssertionError: Expected 200, got 403: {"detail":"Automated requests are not allowed"}
E   assert 403 == 200
E    +  where 403 = &lt;Response [403]&gt;.status_code</failure></testcase></testsuite></testsuites>