<?xml version="1.0" encoding="utf-8"?><testsuites name="pytest tests"><testsuite name="pytest" errors="0" failures="0" skipped="0" tests="12" time="4.080" timestamp="2026-03-02T11:01:37.544245+00:00" hostname="agent-env-d516d558-b83c-4b8c-8e9e-e7b6ba4fe1e8"><testcase classname="backend.tests.test_livestream_ai_recommendations.TestLiveStreamingAPI" name="test_livestream_active_endpoint" time="0.183" /><testcase classname="backend.tests.test_livestream_ai_recommendations.TestLiveStreamingAPI" name="test_livestream_scheduled_endpoint" time="0.144" /><testcase classname="backend.tests.test_livestream_ai_recommendations.TestLiveStreamingAPI" name="test_livestream_create_requires_auth" time="0.113" /><testcase classname="backend.tests.test_livestream_ai_recommendations.TestLiveStreamingAPI" name="test_livestream_create_requires_creator" time="0.478" /><testcase classname="backend.tests.test_livestream_ai_recommendations.TestAIRecommendationsAPI" name="test_ai_mood_happy" time="0.466" /><testcase classname="backend.tests.test_livestream_ai_recommendations.TestAIRecommendationsAPI" name="test_ai_mood_romantic" time="0.458" /><testcase classname="backend.tests.test_livestream_ai_recommendations.TestAIRecommendationsAPI" name="test_ai_mood_thrilling" time="0.455" /><testcase classname="backend.tests.test_livestream_ai_recommendations.TestAIRecommendationsAPI" name="test_ai_personalized_recommendations" time="0.535" /><testcase classname="backend.tests.test_livestream_ai_recommendations.TestAIRecommendationsAPI" name="test_ai_quick_picks_short" time="0.472" /><testcase classname="backend.tests.test_livestream_ai_recommendations.TestStandardRecommendationsAPI" name="test_for_you_recommendations" time="0.455" /><testcase classname="backend.tests.test_livestream_ai_recommendations.TestStandardRecommendationsAPI" name="test_trending_recommendations" time="0.110" /><testcase classname="backend.tests.test_livestream_ai_recommendations.TestSeriesAPI" name="test_series_list" time="0.154" /></testsuite></testsuites>