<?xml version="1.0" encoding="utf-8"?><testsuites name="pytest tests"><testsuite name="pytest" errors="0" failures="0" skipped="1" tests="14" time="1.762" timestamp="2026-01-27T11:41:10.658303+00:00" hostname="agent-env-1db8293d-1098-49f8-95ba-f3d802671b08"><testcase classname="backend.tests.test_milestones.TestMilestoneSetup" name="test_create_or_login_test_user" time="0.395" /><testcase classname="backend.tests.test_milestones.TestMilestoneAPIs" name="test_get_milestones_returns_all_five" time="0.304" /><testcase classname="backend.tests.test_milestones.TestMilestoneAPIs" name="test_milestones_have_correct_structure" time="0.009" /><testcase classname="backend.tests.test_milestones.TestMilestoneAPIs" name="test_milestones_have_correct_rewards" time="0.010" /><testcase classname="backend.tests.test_milestones.TestMilestoneAPIs" name="test_milestone_status_logic" time="0.016" /><testcase classname="backend.tests.test_milestones.TestMilestoneAPIs" name="test_referral_count_in_response" time="0.014" /><testcase classname="backend.tests.test_milestones.TestMilestoneAPIs" name="test_next_milestone_field" time="0.010" /><testcase classname="backend.tests.test_milestones.TestMilestoneAPIs" name="test_total_milestone_earnings" time="0.014" /><testcase classname="backend.tests.test_milestones.TestMilestoneClaim" name="test_claim_invalid_milestone_returns_404" time="0.336" /><testcase classname="backend.tests.test_milestones.TestMilestoneClaim" name="test_cannot_claim_unreached_milestone" time="0.015" /><testcase classname="backend.tests.test_milestones.TestMilestoneClaim" name="test_cannot_claim_already_claimed_milestone" time="0.021" /><testcase classname="backend.tests.test_milestones.TestMilestoneClaimSuccess" name="test_claim_claimable_milestone" time="0.337"><skipped type="pytest.skip" message="No claimable milestones - test user may need more referrals">/app/backend/tests/test_milestones.py:371: No claimable milestones - test user may need more referrals</skipped></testcase><testcase classname="backend.tests.test_milestones.TestMilestoneAuth" name="test_get_milestones_requires_auth" time="0.033" /><testcase classname="backend.tests.test_milestones.TestMilestoneAuth" name="test_claim_milestone_requires_auth" time="0.041" /></testsuite></testsuites>