<?xml version="1.0" encoding="utf-8"?><testsuites name="pytest tests"><testsuite name="pytest" errors="0" failures="0" skipped="0" tests="13" time="3.928" timestamp="2026-01-27T12:09:07.778408+00:00" hostname="agent-env-1db8293d-1098-49f8-95ba-f3d802671b08"><testcase classname="backend.tests.test_milestone_notifications.TestMilestoneProximityAPI" name="test_milestone_proximity_requires_auth" time="0.068" /><testcase classname="backend.tests.test_milestone_notifications.TestMilestoneProximityAPI" name="test_milestone_proximity_user_near_milestone" time="0.541" /><testcase classname="backend.tests.test_milestone_notifications.TestMilestoneProximityAPI" name="test_milestone_proximity_returns_correct_structure" time="0.278" /><testcase classname="backend.tests.test_milestone_notifications.TestNotificationSubscriptionAPI" name="test_subscribe_push_notification" time="0.276" /><testcase classname="backend.tests.test_milestone_notifications.TestNotificationSubscriptionAPI" name="test_subscribe_requires_auth" time="0.275" /><testcase classname="backend.tests.test_milestone_notifications.TestNotificationSubscriptionAPI" name="test_unsubscribe_push_notification" time="0.294" /><testcase classname="backend.tests.test_milestone_notifications.TestNotificationSubscriptionAPI" name="test_unsubscribe_requires_auth" time="0.313" /><testcase classname="backend.tests.test_milestone_notifications.TestNotificationSettingsAPI" name="test_get_notification_settings" time="0.284" /><testcase classname="backend.tests.test_milestone_notifications.TestNotificationSettingsAPI" name="test_get_settings_requires_auth" time="0.275" /><testcase classname="backend.tests.test_milestone_notifications.TestNotificationSettingsAPI" name="test_update_notification_settings" time="0.315" /><testcase classname="backend.tests.test_milestone_notifications.TestNotificationSettingsAPI" name="test_update_settings_requires_auth" time="0.306" /><testcase classname="backend.tests.test_milestone_notifications.TestNotificationSettingsAPI" name="test_push_enabled_reflects_subscription_status" time="0.384" /><testcase classname="backend.tests.test_milestone_notifications.TestMilestoneProximityWithTestUser" name="test_milestone_test_user_proximity" time="0.262" /></testsuite></testsuites>