<?xml version="1.0" encoding="utf-8"?><testsuites name="pytest tests"><testsuite name="pytest" errors="0" failures="0" skipped="0" tests="8" time="4.052" timestamp="2026-02-20T20:23:52.155963+00:00" hostname="agent-env-af44495f-7983-4ffc-8ac5-215655dbb656"><testcase classname="backend.tests.test_new_releases_session.TestNewReleasesAndSession" name="test_01_series_api_returns_sorted_by_created_at" time="0.221" /><testcase classname="backend.tests.test_new_releases_session.TestNewReleasesAndSession" name="test_02_login_success" time="0.465" /><testcase classname="backend.tests.test_new_releases_session.TestNewReleasesAndSession" name="test_03_session_persists_with_valid_token" time="1.888" /><testcase classname="backend.tests.test_new_releases_session.TestNewReleasesAndSession" name="test_04_auth_me_returns_valid_user" time="0.126" /><testcase classname="backend.tests.test_new_releases_session.TestNewReleasesAndSession" name="test_05_creator_status_check" time="0.164" /><testcase classname="backend.tests.test_new_releases_session.TestNewReleasesAndSession" name="test_06_creator_dashboard_loads" time="0.144" /><testcase classname="backend.tests.test_new_releases_session.TestNewReleasesAndSession" name="test_07_episode_count_accuracy" time="0.609" /><testcase classname="backend.tests.test_new_releases_session.TestNewReleasesAndSession" name="test_08_no_401_on_protected_endpoints" time="0.381" /></testsuite></testsuites>