<?xml version="1.0" encoding="utf-8"?><testsuites name="pytest tests"><testsuite name="pytest" errors="0" failures="3" skipped="0" tests="16" time="1.499" timestamp="2026-02-05T13:24:32.384448+00:00" hostname="agent-env-debb4cde-b2b5-4998-9234-60e9a1b36875"><testcase classname="tests.test_payouts_notifications.TestCreatorPayouts" name="test_get_payouts_returns_list_and_summary" time="0.346" /><testcase classname="tests.test_payouts_notifications.TestCreatorPayouts" name="test_get_payouts_with_status_filter" time="0.041" /><testcase classname="tests.test_payouts_notifications.TestCreatorPayouts" name="test_request_payout_fails_with_insufficient_balance" time="0.044"><failure message="AssertionError: Expected 400, got 422&#10;assert 422 == 400&#10; +  where 422 = &lt;Response [422]&gt;.status_code">tests/test_payouts_notifications.py:94: in test_request_payout_fails_with_insufficient_balance
    assert response.status_code == 400, f"Expected 400, got {response.status_code}"
E   AssertionError: Expected 400, got 422
E   assert 422 == 400
E    +  where 422 = &lt;Response [422]&gt;.status_code</failure></testcase><testcase classname="tests.test_payouts_notifications.TestCreatorPayouts" name="test_request_payout_fails_with_low_amount" time="0.041"><failure message="assert 422 == 400&#10; +  where 422 = &lt;Response [422]&gt;.status_code">tests/test_payouts_notifications.py:109: in test_request_payout_fails_with_low_amount
    assert response.status_code == 400
E   assert 422 == 400
E    +  where 422 = &lt;Response [422]&gt;.status_code</failure></testcase><testcase classname="tests.test_payouts_notifications.TestCreatorPayouts" name="test_get_payouts_unauthenticated_fails" time="0.042" /><testcase classname="tests.test_payouts_notifications.TestNotifications" name="test_get_notifications_list" time="0.045" /><testcase classname="tests.test_payouts_notifications.TestNotifications" name="test_get_notifications_unread_only" time="0.045" /><testcase classname="tests.test_payouts_notifications.TestNotifications" name="test_get_unread_count" time="0.042" /><testcase classname="tests.test_payouts_notifications.TestNotifications" name="test_seed_sample_notifications" time="0.051" /><testcase classname="tests.test_payouts_notifications.TestNotifications" name="test_mark_notification_as_read" time="0.126" /><testcase classname="tests.test_payouts_notifications.TestNotifications" name="test_mark_all_read" time="0.116" /><testcase classname="tests.test_payouts_notifications.TestNotifications" name="test_delete_notification" time="0.162" /><testcase classname="tests.test_payouts_notifications.TestNotifications" name="test_clear_all_notifications" time="0.081"><failure message="assert 404 == 200&#10; +  where 404 = &lt;Response [404]&gt;.status_code">tests/test_payouts_notifications.py:280: in test_clear_all_notifications
    assert response.status_code == 200
E   assert 404 == 200
E    +  where 404 = &lt;Response [404]&gt;.status_code</failure></testcase><testcase classname="tests.test_payouts_notifications.TestNotifications" name="test_notifications_unauthenticated_fails" time="0.035" /><testcase classname="tests.test_payouts_notifications.TestEmailQueue" name="test_get_email_queue" time="0.047" /><testcase classname="tests.test_payouts_notifications.TestNotificationStructure" name="test_notification_has_required_fields" time="0.077" /></testsuite></testsuites>