<?xml version="1.0" encoding="utf-8"?><testsuites name="pytest tests"><testsuite name="pytest" errors="0" failures="0" skipped="0" tests="16" time="1.589" timestamp="2026-02-05T13:25:32.904423+00:00" hostname="agent-env-debb4cde-b2b5-4998-9234-60e9a1b36875"><testcase classname="tests.test_payouts_notifications.TestCreatorPayouts" name="test_get_payouts_returns_list_and_summary" time="0.331" /><testcase classname="tests.test_payouts_notifications.TestCreatorPayouts" name="test_get_payouts_with_status_filter" time="0.042" /><testcase classname="tests.test_payouts_notifications.TestCreatorPayouts" name="test_request_payout_fails_with_insufficient_balance" time="0.041" /><testcase classname="tests.test_payouts_notifications.TestCreatorPayouts" name="test_request_payout_fails_with_low_amount" time="0.043" /><testcase classname="tests.test_payouts_notifications.TestCreatorPayouts" name="test_get_payouts_unauthenticated_fails" time="0.043" /><testcase classname="tests.test_payouts_notifications.TestNotifications" name="test_get_notifications_list" time="0.038" /><testcase classname="tests.test_payouts_notifications.TestNotifications" name="test_get_notifications_unread_only" time="0.040" /><testcase classname="tests.test_payouts_notifications.TestNotifications" name="test_get_unread_count" time="0.040" /><testcase classname="tests.test_payouts_notifications.TestNotifications" name="test_seed_sample_notifications" time="0.042" /><testcase classname="tests.test_payouts_notifications.TestNotifications" name="test_mark_notification_as_read" time="0.123" /><testcase classname="tests.test_payouts_notifications.TestNotifications" name="test_mark_all_read" time="0.165" /><testcase classname="tests.test_payouts_notifications.TestNotifications" name="test_delete_notification" time="0.213" /><testcase classname="tests.test_payouts_notifications.TestNotifications" name="test_clear_all_notifications" time="0.158" /><testcase classname="tests.test_payouts_notifications.TestNotifications" name="test_notifications_unauthenticated_fails" time="0.036" /><testcase classname="tests.test_payouts_notifications.TestEmailQueue" name="test_get_email_queue" time="0.037" /><testcase classname="tests.test_payouts_notifications.TestNotificationStructure" name="test_notification_has_required_fields" time="0.122" /></testsuite></testsuites>