<?xml version="1.0" encoding="utf-8"?><testsuites name="pytest tests"><testsuite name="pytest" errors="0" failures="0" skipped="0" tests="13" time="5.129" timestamp="2026-02-20T20:45:07.285495+00:00" hostname="agent-env-af44495f-7983-4ffc-8ac5-215655dbb656"><testcase classname="backend.tests.test_platform_settings.TestCreatorUploadSettings" name="test_01_get_upload_settings_returns_video_config" time="0.725" /><testcase classname="backend.tests.test_platform_settings.TestCreatorUploadSettings" name="test_02_get_upload_settings_returns_pricing_config" time="0.377" /><testcase classname="backend.tests.test_platform_settings.TestCreatorUploadSettings" name="test_03_get_upload_settings_requires_auth" time="0.106" /><testcase classname="backend.tests.test_platform_settings.TestAdminPlatformSettings" name="test_04_get_platform_settings_returns_full_config" time="0.161" /><testcase classname="backend.tests.test_platform_settings.TestAdminPlatformSettings" name="test_05_update_platform_settings_pricing" time="0.585" /><testcase classname="backend.tests.test_platform_settings.TestAdminPlatformSettings" name="test_06_update_platform_settings_video_formats" time="0.629" /><testcase classname="backend.tests.test_platform_settings.TestAdminPlatformSettings" name="test_07_platform_settings_requires_super_admin" time="0.118" /><testcase classname="backend.tests.test_platform_settings.TestSeriesPricing" name="test_08_get_series_pricing_returns_custom_settings" time="0.124" /><testcase classname="backend.tests.test_platform_settings.TestSeriesPricing" name="test_09_update_series_custom_price" time="0.590" /><testcase classname="backend.tests.test_platform_settings.TestSeriesPricing" name="test_10_update_series_exclusive_flag" time="0.595" /><testcase classname="backend.tests.test_platform_settings.TestSeriesPricing" name="test_11_update_first_episode_free_override" time="0.606" /><testcase classname="backend.tests.test_platform_settings.TestSeriesPricing" name="test_12_series_pricing_404_for_invalid_series" time="0.141" /><testcase classname="backend.tests.test_platform_settings.TestFirstEpisodeFreeEnforcement" name="test_13_global_first_episode_free_reflected_in_creator_settings" time="0.299" /></testsuite></testsuites>