<?xml version="1.0" encoding="utf-8"?><testsuites name="pytest tests"><testsuite name="pytest" errors="0" failures="0" skipped="0" tests="8" time="1.177" timestamp="2026-02-23T10:10:17.355627+00:00" hostname="agent-env-0d8a46b0-04db-49f6-94eb-9e2234619949"><testcase classname="backend.tests.test_polls_qa.TestPollsEndpoints" name="test_create_multiple_choice_poll" time="0.505" /><testcase classname="backend.tests.test_polls_qa.TestPollsEndpoints" name="test_create_yes_no_poll" time="0.059" /><testcase classname="backend.tests.test_polls_qa.TestPollsEndpoints" name="test_create_rating_poll" time="0.056" /><testcase classname="backend.tests.test_polls_qa.TestPollsEndpoints" name="test_get_creator_polls" time="0.053" /><testcase classname="backend.tests.test_polls_qa.TestPollsEndpoints" name="test_create_poll_validation_short_question" time="0.065" /><testcase classname="backend.tests.test_polls_qa.TestPollsEndpoints" name="test_create_poll_validation_insufficient_options" time="0.058" /><testcase classname="backend.tests.test_polls_qa.TestQAEndpoints" name="test_get_pending_questions" time="0.053" /><testcase classname="backend.tests.test_polls_qa.TestPollActions" name="test_create_update_and_delete_poll" time="0.267" /></testsuite></testsuites>