<?xml version="1.0" encoding="utf-8"?><testsuites name="pytest tests"><testsuite name="pytest" errors="0" failures="0" skipped="0" tests="28" time="17.655" timestamp="2026-02-20T21:29:40.461557+00:00" hostname="agent-env-af44495f-7983-4ffc-8ac5-215655dbb656"><testcase classname="backend.tests.test_search_recommendations_notifications_thumbnails.TestEnhancedSearch" name="test_01_search_series_with_query" time="0.645" /><testcase classname="backend.tests.test_search_recommendations_notifications_thumbnails.TestEnhancedSearch" name="test_02_search_with_filters" time="0.593" /><testcase classname="backend.tests.test_search_recommendations_notifications_thumbnails.TestEnhancedSearch" name="test_03_search_suggestions_autocomplete" time="0.592" /><testcase classname="backend.tests.test_search_recommendations_notifications_thumbnails.TestEnhancedSearch" name="test_04_search_suggestions_minimum_length" time="0.559" /><testcase classname="backend.tests.test_search_recommendations_notifications_thumbnails.TestEnhancedSearch" name="test_05_trending_searches" time="0.625" /><testcase classname="backend.tests.test_search_recommendations_notifications_thumbnails.TestEnhancedSearch" name="test_06_search_history_requires_auth" time="0.550" /><testcase classname="backend.tests.test_search_recommendations_notifications_thumbnails.TestEnhancedSearch" name="test_07_search_history_with_auth" time="0.624" /><testcase classname="backend.tests.test_search_recommendations_notifications_thumbnails.TestEnhancedSearch" name="test_08_available_genres" time="0.647" /><testcase classname="backend.tests.test_search_recommendations_notifications_thumbnails.TestEnhancedSearch" name="test_09_quick_search" time="0.650" /><testcase classname="backend.tests.test_search_recommendations_notifications_thumbnails.TestRecommendationEngine" name="test_01_personalized_recommendations" time="0.577" /><testcase classname="backend.tests.test_search_recommendations_notifications_thumbnails.TestRecommendationEngine" name="test_02_trending_series" time="0.575" /><testcase classname="backend.tests.test_search_recommendations_notifications_thumbnails.TestRecommendationEngine" name="test_03_similar_series" time="0.785" /><testcase classname="backend.tests.test_search_recommendations_notifications_thumbnails.TestRecommendationEngine" name="test_04_genre_recommendations" time="0.572" /><testcase classname="backend.tests.test_search_recommendations_notifications_thumbnails.TestRecommendationEngine" name="test_05_recommendation_feedback" time="0.556" /><testcase classname="backend.tests.test_search_recommendations_notifications_thumbnails.TestThumbnailABTesting" name="test_01_get_admin_thumbnail_tests" time="0.564" /><testcase classname="backend.tests.test_search_recommendations_notifications_thumbnails.TestThumbnailABTesting" name="test_02_get_thumbnail_testing_stats" time="0.556" /><testcase classname="backend.tests.test_search_recommendations_notifications_thumbnails.TestThumbnailABTesting" name="test_03_create_thumbnail_test" time="1.125" /><testcase classname="backend.tests.test_search_recommendations_notifications_thumbnails.TestThumbnailABTesting" name="test_04_get_series_thumbnail" time="0.933" /><testcase classname="backend.tests.test_search_recommendations_notifications_thumbnails.TestThumbnailABTesting" name="test_05_admin_all_requires_auth" time="0.606" /><testcase classname="backend.tests.test_search_recommendations_notifications_thumbnails.TestAdminNotificationManagement" name="test_01_get_notification_stats" time="0.549" /><testcase classname="backend.tests.test_search_recommendations_notifications_thumbnails.TestAdminNotificationManagement" name="test_02_get_notification_triggers" time="0.654" /><testcase classname="backend.tests.test_search_recommendations_notifications_thumbnails.TestAdminNotificationManagement" name="test_03_broadcast_notification" time="0.567" /><testcase classname="backend.tests.test_search_recommendations_notifications_thumbnails.TestAdminNotificationManagement" name="test_04_broadcast_to_segment_vip" time="0.612" /><testcase classname="backend.tests.test_search_recommendations_notifications_thumbnails.TestAdminNotificationManagement" name="test_05_update_trigger_config" time="0.587" /><testcase classname="backend.tests.test_search_recommendations_notifications_thumbnails.TestAdminNotificationManagement" name="test_06_get_recent_notifications" time="0.556" /><testcase classname="backend.tests.test_search_recommendations_notifications_thumbnails.TestAdminNotificationManagement" name="test_07_get_notification_campaigns" time="0.569" /><testcase classname="backend.tests.test_search_recommendations_notifications_thumbnails.TestAdminNotificationManagement" name="test_08_admin_stats_requires_auth" time="0.558" /><testcase classname="backend.tests.test_search_recommendations_notifications_thumbnails.TestSearchAnalytics" name="test_01_search_analytics" time="0.602" /></testsuite></testsuites>