<?xml version="1.0" encoding="utf-8"?><testsuites name="pytest tests"><testsuite name="pytest" errors="0" failures="0" skipped="0" tests="12" time="2.872" timestamp="2026-02-10T10:03:03.859525+00:00" hostname="agent-env-66df945d-3a97-4077-9c97-18d7ca43e282"><testcase classname="backend.tests.test_session_management.TestSessionManagement" name="test_01_register_user" time="0.403" /><testcase classname="backend.tests.test_session_management.TestSessionManagement" name="test_02_login_creates_session" time="0.338" /><testcase classname="backend.tests.test_session_management.TestSessionManagement" name="test_03_get_sessions" time="0.041" /><testcase classname="backend.tests.test_session_management.TestSessionManagement" name="test_04_get_device_limit" time="0.038" /><testcase classname="backend.tests.test_session_management.TestSessionManagement" name="test_05_create_multiple_sessions_login" time="0.622" /><testcase classname="backend.tests.test_session_management.TestSessionManagement" name="test_06_logout_specific_session" time="0.053" /><testcase classname="backend.tests.test_session_management.TestSessionManagement" name="test_07_cannot_logout_current_session" time="0.059" /><testcase classname="backend.tests.test_session_management.TestSessionManagement" name="test_08_logout_all_others" time="0.402" /><testcase classname="backend.tests.test_session_management.TestSessionManagement" name="test_09_logout_current_session" time="0.042" /><testcase classname="backend.tests.test_session_management.TestSessionManagement" name="test_10_session_invalidated_after_logout" time="0.040" /><testcase classname="backend.tests.test_session_management.TestAuthSessionCreation" name="test_login_user_agent_parsing" time="0.368" /><testcase classname="backend.tests.test_session_management.TestDeviceLimitEnforcement" name="test_device_limit_reached_error" time="0.317" /></testsuite></testsuites>