<?xml version="1.0" encoding="utf-8"?><testsuites name="pytest tests"><testsuite name="pytest" errors="0" failures="4" skipped="0" tests="8" time="7.158" timestamp="2026-02-24T12:19:20.419091+00:00" hostname="agent-env-82cb7a20-56d0-4a85-b80a-62e9d3509c44"><testcase classname="backend.tests.test_shorts_api.TestShortsAPI" name="test_get_my_shorts_returns_empty_list_for_new_user" time="1.077" /><testcase classname="backend.tests.test_shorts_api.TestShortsAPI" name="test_get_my_shorts_requires_authentication" time="0.801" /><testcase classname="backend.tests.test_shorts_api.TestShortsAPI" name="test_create_short_with_valid_episode" time="0.846"><failure message="AssertionError: Expected 200, got 403: {&quot;detail&quot;:&quot;You don't have permission to create shorts from this episode&quot;}&#10;assert 403 == 200&#10; +  where 403 = &lt;Response [403]&gt;.status_code">backend/tests/test_shorts_api.py:90: in test_create_short_with_valid_episode
    assert response.status_code == 200, f"Expected 200, got {response.status_code}: {response.text}"
E   AssertionError: Expected 200, got 403: {"detail":"You don't have permission to create shorts from this episode"}
E   assert 403 == 200
E    +  where 403 = &lt;Response [403]&gt;.status_code</failure></testcase><testcase classname="backend.tests.test_shorts_api.TestShortsAPI" name="test_create_short_with_invalid_episode" time="0.948" /><testcase classname="backend.tests.test_shorts_api.TestShortsAPI" name="test_create_short_duration_too_short" time="0.858"><failure message="AssertionError: Expected 400 for short &lt; 3s, got 403&#10;assert 403 == 400&#10; +  where 403 = &lt;Response [403]&gt;.status_code">backend/tests/test_shorts_api.py:143: in test_create_short_duration_too_short
    assert response.status_code == 400, f"Expected 400 for short &lt; 3s, got {response.status_code}"
E   AssertionError: Expected 400 for short &lt; 3s, got 403
E   assert 403 == 400
E    +  where 403 = &lt;Response [403]&gt;.status_code</failure></testcase><testcase classname="backend.tests.test_shorts_api.TestShortsAPI" name="test_create_short_duration_too_long" time="0.847"><failure message="AssertionError: Expected 400 for too long clip, got 403&#10;assert 403 == 400&#10; +  where 403 = &lt;Response [403]&gt;.status_code">backend/tests/test_shorts_api.py:162: in test_create_short_duration_too_long
    assert response.status_code == 400, f"Expected 400 for too long clip, got {response.status_code}"
E   AssertionError: Expected 400 for too long clip, got 403
E   assert 403 == 400
E    +  where 403 = &lt;Response [403]&gt;.status_code</failure></testcase><testcase classname="backend.tests.test_shorts_api.TestShortsAPI" name="test_create_short_requires_authentication" time="0.828" /><testcase classname="backend.tests.test_shorts_api.TestShortsAPI" name="test_create_short_with_different_formats" time="0.857"><failure message="AssertionError: Format instagram failed: {&quot;detail&quot;:&quot;You don't have permission to create shorts from this episode&quot;}&#10;assert 403 == 200&#10; +  where 403 = &lt;Response [403]&gt;.status_code">backend/tests/test_shorts_api.py:204: in test_create_short_with_different_formats
    assert response.status_code == 200, f"Format {fmt['format']} failed: {response.text}"
E   AssertionError: Format instagram failed: {"detail":"You don't have permission to create shorts from this episode"}
E   assert 403 == 200
E    +  where 403 = &lt;Response [403]&gt;.status_code</failure></testcase></testsuite></testsuites>