<?xml version="1.0" encoding="utf-8"?><testsuites name="pytest tests"><testsuite name="pytest" errors="8" failures="0" skipped="0" tests="8" time="1.314" timestamp="2026-02-24T12:18:28.543435+00:00" hostname="agent-env-82cb7a20-56d0-4a85-b80a-62e9d3509c44"><testcase classname="backend.tests.test_shorts_api.TestShortsAPI" name="test_get_my_shorts_returns_empty_list_for_new_user" time="0.236"><error message="failed on setup with &quot;AssertionError: Login failed: {&quot;detail&quot;:&quot;Automated requests are not allowed&quot;}&#10;assert 403 == 200&#10; +  where 403 = &lt;Response [403]&gt;.status_code&quot;">backend/tests/test_shorts_api.py:27: in setup
    assert response.status_code == 200, f"Login failed: {response.text}"
E   AssertionError: Login failed: {"detail":"Automated requests are not allowed"}
E   assert 403 == 200
E    +  where 403 = &lt;Response [403]&gt;.status_code</error></testcase><testcase classname="backend.tests.test_shorts_api.TestShortsAPI" name="test_get_my_shorts_requires_authentication" time="0.162"><error message="failed on setup with &quot;AssertionError: Login failed: {&quot;detail&quot;:&quot;Automated requests are not allowed&quot;}&#10;assert 403 == 200&#10; +  where 403 = &lt;Response [403]&gt;.status_code&quot;">backend/tests/test_shorts_api.py:27: in setup
    assert response.status_code == 200, f"Login failed: {response.text}"
E   AssertionError: Login failed: {"detail":"Automated requests are not allowed"}
E   assert 403 == 200
E    +  where 403 = &lt;Response [403]&gt;.status_code</error></testcase><testcase classname="backend.tests.test_shorts_api.TestShortsAPI" name="test_create_short_with_valid_episode" time="0.160"><error message="failed on setup with &quot;AssertionError: Login failed: {&quot;detail&quot;:&quot;Automated requests are not allowed&quot;}&#10;assert 403 == 200&#10; +  where 403 = &lt;Response [403]&gt;.status_code&quot;">backend/tests/test_shorts_api.py:27: in setup
    assert response.status_code == 200, f"Login failed: {response.text}"
E   AssertionError: Login failed: {"detail":"Automated requests are not allowed"}
E   assert 403 == 200
E    +  where 403 = &lt;Response [403]&gt;.status_code</error></testcase><testcase classname="backend.tests.test_shorts_api.TestShortsAPI" name="test_create_short_with_invalid_episode" time="0.140"><error message="failed on setup with &quot;AssertionError: Login failed: {&quot;detail&quot;:&quot;Automated requests are not allowed&quot;}&#10;assert 403 == 200&#10; +  where 403 = &lt;Response [403]&gt;.status_code&quot;">backend/tests/test_shorts_api.py:27: in setup
    assert response.status_code == 200, f"Login failed: {response.text}"
E   AssertionError: Login failed: {"detail":"Automated requests are not allowed"}
E   assert 403 == 200
E    +  where 403 = &lt;Response [403]&gt;.status_code</error></testcase><testcase classname="backend.tests.test_shorts_api.TestShortsAPI" name="test_create_short_duration_too_short" time="0.103"><error message="failed on setup with &quot;AssertionError: Login failed: {&quot;detail&quot;:&quot;Automated requests are not allowed&quot;}&#10;assert 403 == 200&#10; +  where 403 = &lt;Response [403]&gt;.status_code&quot;">backend/tests/test_shorts_api.py:27: in setup
    assert response.status_code == 200, f"Login failed: {response.text}"
E   AssertionError: Login failed: {"detail":"Automated requests are not allowed"}
E   assert 403 == 200
E    +  where 403 = &lt;Response [403]&gt;.status_code</error></testcase><testcase classname="backend.tests.test_shorts_api.TestShortsAPI" name="test_create_short_duration_too_long" time="0.144"><error message="failed on setup with &quot;AssertionError: Login failed: {&quot;detail&quot;:&quot;Automated requests are not allowed&quot;}&#10;assert 403 == 200&#10; +  where 403 = &lt;Response [403]&gt;.status_code&quot;">backend/tests/test_shorts_api.py:27: in setup
    assert response.status_code == 200, f"Login failed: {response.text}"
E   AssertionError: Login failed: {"detail":"Automated requests are not allowed"}
E   assert 403 == 200
E    +  where 403 = &lt;Response [403]&gt;.status_code</error></testcase><testcase classname="backend.tests.test_shorts_api.TestShortsAPI" name="test_create_short_requires_authentication" time="0.098"><error message="failed on setup with &quot;AssertionError: Login failed: {&quot;detail&quot;:&quot;Automated requests are not allowed&quot;}&#10;assert 403 == 200&#10; +  where 403 = &lt;Response [403]&gt;.status_code&quot;">backend/tests/test_shorts_api.py:27: in setup
    assert response.status_code == 200, f"Login failed: {response.text}"
E   AssertionError: Login failed: {"detail":"Automated requests are not allowed"}
E   assert 403 == 200
E    +  where 403 = &lt;Response [403]&gt;.status_code</error></testcase><testcase classname="backend.tests.test_shorts_api.TestShortsAPI" name="test_create_short_with_different_formats" time="0.102"><error message="failed on setup with &quot;AssertionError: Login failed: {&quot;detail&quot;:&quot;Automated requests are not allowed&quot;}&#10;assert 403 == 200&#10; +  where 403 = &lt;Response [403]&gt;.status_code&quot;">backend/tests/test_shorts_api.py:27: in setup
    assert response.status_code == 200, f"Login failed: {response.text}"
E   AssertionError: Login failed: {"detail":"Automated requests are not allowed"}
E   assert 403 == 200
E    +  where 403 = &lt;Response [403]&gt;.status_code</error></testcase></testsuite></testsuites>