<?xml version="1.0" encoding="utf-8"?><testsuites name="pytest tests"><testsuite name="pytest" errors="0" failures="0" skipped="0" tests="20" time="1.203" timestamp="2026-02-03T12:57:50.455745+00:00" hostname="agent-env-fe784b78-1f9b-4585-837d-fdbb6b51db5d"><testcase classname="tests.test_stories_likes.TestStoriesFeed" name="test_stories_feed_returns_list" time="0.120" /><testcase classname="tests.test_stories_likes.TestStoriesFeed" name="test_stories_feed_has_correct_structure" time="0.023" /><testcase classname="tests.test_stories_likes.TestStoriesFeed" name="test_stories_contains_free_first_episodes" time="0.021" /><testcase classname="tests.test_stories_likes.TestStoriesFeed" name="test_stories_feed_count" time="0.020" /><testcase classname="tests.test_stories_likes.TestStoriesFeed" name="test_stories_have_video_url" time="0.019" /><testcase classname="tests.test_stories_likes.TestEpisodeLikes" name="test_like_episode_requires_auth" time="0.040" /><testcase classname="tests.test_stories_likes.TestEpisodeLikes" name="test_like_episode_success" time="0.311" /><testcase classname="tests.test_stories_likes.TestEpisodeLikes" name="test_like_episode_already_liked" time="0.060" /><testcase classname="tests.test_stories_likes.TestEpisodeLikes" name="test_unlike_episode_success" time="0.061" /><testcase classname="tests.test_stories_likes.TestEpisodeLikes" name="test_unlike_not_liked_episode" time="0.060" /><testcase classname="tests.test_stories_likes.TestLikeStatus" name="test_like_status_anonymous" time="0.043" /><testcase classname="tests.test_stories_likes.TestLikeStatus" name="test_like_status_authenticated" time="0.010" /><testcase classname="tests.test_stories_likes.TestEpisodeShare" name="test_share_episode_anonymous" time="0.052" /><testcase classname="tests.test_stories_likes.TestEpisodeShare" name="test_share_episode_authenticated" time="0.012" /><testcase classname="tests.test_stories_likes.TestEpisodeShare" name="test_share_multiple_platforms" time="0.124" /><testcase classname="tests.test_stories_likes.TestVideoPlayerEndpoints" name="test_get_episode_details" time="0.011" /><testcase classname="tests.test_stories_likes.TestVideoPlayerEndpoints" name="test_get_series_details" time="0.049" /><testcase classname="tests.test_stories_likes.TestVideoPlayerEndpoints" name="test_get_series_episodes" time="0.010" /><testcase classname="tests.test_stories_likes.TestTopTenSeries" name="test_get_all_series" time="0.009" /><testcase classname="tests.test_stories_likes.TestTopTenSeries" name="test_get_featured_series" time="0.009" /></testsuite></testsuites>