<?xml version="1.0" encoding="utf-8"?><testsuites name="pytest tests"><testsuite name="pytest" errors="0" failures="0" skipped="0" tests="17" time="1.311" timestamp="2026-02-01T21:14:14.581735+00:00" hostname="agent-env-10d41b5c-edda-4a78-8289-59ce50a4e515"><testcase classname="backend.tests.test_streaming.TestStreamingConfigAPI" name="test_anonymous_streaming_config" time="0.120" /><testcase classname="backend.tests.test_streaming.TestStreamingConfigAPI" name="test_authenticated_streaming_config" time="0.351" /><testcase classname="backend.tests.test_streaming.TestQualityPreferenceAPI" name="test_set_valid_quality_480p" time="0.042" /><testcase classname="backend.tests.test_streaming.TestQualityPreferenceAPI" name="test_set_valid_quality_360p" time="0.054" /><testcase classname="backend.tests.test_streaming.TestQualityPreferenceAPI" name="test_set_720p_blocked_for_free_user" time="0.044" /><testcase classname="backend.tests.test_streaming.TestQualityPreferenceAPI" name="test_set_1080p_blocked_for_free_user" time="0.039" /><testcase classname="backend.tests.test_streaming.TestQualityPreferenceAPI" name="test_set_invalid_quality" time="0.048" /><testcase classname="backend.tests.test_streaming.TestQualityPreferenceAPI" name="test_quality_requires_auth" time="0.044" /><testcase classname="backend.tests.test_streaming.TestBandwidthEstimateAPI" name="test_anonymous_bandwidth_estimate" time="0.038" /><testcase classname="backend.tests.test_streaming.TestBandwidthEstimateAPI" name="test_authenticated_bandwidth_estimate" time="0.039" /><testcase classname="backend.tests.test_streaming.TestPreloadStrategyAPI" name="test_preload_strategy_valid_episode" time="0.046" /><testcase classname="backend.tests.test_streaming.TestPreloadStrategyAPI" name="test_preload_strategy_bandwidth_saving_mode" time="0.041" /><testcase classname="backend.tests.test_streaming.TestDataSaverAPI" name="test_enable_data_saver" time="0.039" /><testcase classname="backend.tests.test_streaming.TestDataSaverAPI" name="test_disable_data_saver" time="0.041" /><testcase classname="backend.tests.test_streaming.TestDataSaverAPI" name="test_data_saver_requires_auth" time="0.040" /><testcase classname="backend.tests.test_streaming.TestHLSManifestAPI" name="test_hls_manifest_anonymous" time="0.038" /><testcase classname="backend.tests.test_streaming.TestHLSManifestAPI" name="test_hls_manifest_invalid_episode" time="0.039" /></testsuite></testsuites>