<?xml version="1.0" encoding="utf-8"?><testsuites name="pytest tests"><testsuite name="pytest" errors="0" failures="0" skipped="0" tests="18" time="8.355" timestamp="2026-02-10T11:24:15.823203+00:00" hostname="agent-env-66df945d-3a97-4077-9c97-18d7ca43e282"><testcase classname="backend.tests.test_subscriptions.TestSubscriptionTiers" name="test_get_tiers_without_country" time="0.062" /><testcase classname="backend.tests.test_subscriptions.TestSubscriptionTiers" name="test_get_tiers_with_kenya_country_code" time="0.042" /><testcase classname="backend.tests.test_subscriptions.TestSubscriptionTiers" name="test_get_tiers_with_nigeria_country_code" time="0.040" /><testcase classname="backend.tests.test_subscriptions.TestPaymentProviders" name="test_get_kenya_payment_providers" time="0.076" /><testcase classname="backend.tests.test_subscriptions.TestPaymentProviders" name="test_get_nigeria_payment_providers" time="0.035" /><testcase classname="backend.tests.test_subscriptions.TestPaymentProviders" name="test_get_tanzania_payment_providers" time="0.074" /><testcase classname="backend.tests.test_subscriptions.TestPaymentProviders" name="test_get_unknown_country_defaults_to_kenya" time="0.040" /><testcase classname="backend.tests.test_subscriptions.TestAuthenticatedEndpoints" name="test_get_my_subscription_free_tier" time="0.702" /><testcase classname="backend.tests.test_subscriptions.TestAuthenticatedEndpoints" name="test_upgrade_requires_phone_for_mobile_money" time="0.673" /><testcase classname="backend.tests.test_subscriptions.TestAuthenticatedEndpoints" name="test_upgrade_with_mobile_money" time="0.681" /><testcase classname="backend.tests.test_subscriptions.TestAuthenticatedEndpoints" name="test_cannot_downgrade_subscription" time="0.760" /><testcase classname="backend.tests.test_subscriptions.TestAuthenticatedEndpoints" name="test_cannot_upgrade_to_free_tier" time="0.675" /><testcase classname="backend.tests.test_subscriptions.TestAuthenticatedEndpoints" name="test_invalid_tier_returns_error" time="0.744" /><testcase classname="backend.tests.test_subscriptions.TestPaymentFlow" name="test_full_upgrade_flow_with_simulate_success" time="0.807" /><testcase classname="backend.tests.test_subscriptions.TestPaymentFlow" name="test_payment_status_for_nonexistent_payment" time="0.715" /><testcase classname="backend.tests.test_subscriptions.TestPaymentFlow" name="test_cannot_simulate_success_twice" time="0.752" /><testcase classname="backend.tests.test_subscriptions.TestCancelSubscription" name="test_cancel_free_tier_returns_error" time="0.670" /><testcase classname="backend.tests.test_subscriptions.TestCancelSubscription" name="test_cancel_paid_subscription" time="0.751" /></testsuite></testsuites>