<?xml version="1.0" encoding="utf-8"?><testsuites name="pytest tests"><testsuite name="pytest" errors="0" failures="5" skipped="0" tests="30" time="3.256" timestamp="2026-02-10T10:26:57.001061+00:00" hostname="agent-env-66df945d-3a97-4077-9c97-18d7ca43e282"><testcase classname="backend.tests.test_subscription_geo_targeting.TestSubscriptionTiers" name="test_get_subscription_tiers_returns_200" time="0.089" /><testcase classname="backend.tests.test_subscription_geo_targeting.TestSubscriptionTiers" name="test_subscription_tiers_structure" time="0.042" /><testcase classname="backend.tests.test_subscription_geo_targeting.TestSubscriptionTiers" name="test_subscription_tier_order" time="0.040" /><testcase classname="backend.tests.test_subscription_geo_targeting.TestSubscriptionTiers" name="test_free_tier_device_limit" time="0.042" /><testcase classname="backend.tests.test_subscription_geo_targeting.TestSubscriptionTiers" name="test_basic_tier_device_limit" time="0.044" /><testcase classname="backend.tests.test_subscription_geo_targeting.TestSubscriptionTiers" name="test_premium_tier_device_limit" time="0.042" /><testcase classname="backend.tests.test_subscription_geo_targeting.TestSubscriptionTiers" name="test_vip_tier_device_limit" time="0.041" /><testcase classname="backend.tests.test_subscription_geo_targeting.TestSubscriptionTiers" name="test_all_tiers_have_required_fields" time="0.043" /><testcase classname="backend.tests.test_subscription_geo_targeting.TestDeviceLimit" name="test_device_limit_requires_auth" time="0.077" /><testcase classname="backend.tests.test_subscription_geo_targeting.TestDeviceLimit" name="test_device_limit_returns_200_with_auth" time="0.456"><failure message="AssertionError: Expected 200, got 401: {&quot;detail&quot;:&quot;Session expired or invalid. Please log in again.&quot;}&#10;assert 401 == 200&#10; +  where 401 = &lt;Response [401]&gt;.status_code">backend/tests/test_subscription_geo_targeting.py:126: in test_device_limit_returns_200_with_auth
    assert response.status_code == 200, f"Expected 200, got {response.status_code}: {response.text}"
E   AssertionError: Expected 200, got 401: {"detail":"Session expired or invalid. Please log in again."}
E   assert 401 == 200
E    +  where 401 = &lt;Response [401]&gt;.status_code</failure></testcase><testcase classname="backend.tests.test_subscription_geo_targeting.TestDeviceLimit" name="test_device_limit_response_structure" time="0.360"><failure message="AssertionError: Response missing field 'current_devices'&#10;assert 'current_devices' in {'detail': 'Session expired or invalid. Please log in again.'}">backend/tests/test_subscription_geo_targeting.py:137: in test_device_limit_response_structure
    assert field in data, f"Response missing field '{field}'"
E   AssertionError: Response missing field 'current_devices'
E   assert 'current_devices' in {'detail': 'Session expired or invalid. Please log in again.'}</failure></testcase><testcase classname="backend.tests.test_subscription_geo_targeting.TestDeviceLimit" name="test_new_user_has_free_tier" time="0.358"><failure message="KeyError: 'subscription_tier'">backend/tests/test_subscription_geo_targeting.py:147: in test_new_user_has_free_tier
    assert data["subscription_tier"] == "free", f"Expected 'free' tier, got {data['subscription_tier']}"
           ^^^^^^^^^^^^^^^^^^^^^^^^^
E   KeyError: 'subscription_tier'</failure></testcase><testcase classname="backend.tests.test_subscription_geo_targeting.TestDeviceLimit" name="test_upgrade_options_for_free_tier" time="0.354"><failure message="KeyError: 'upgrade_options'">backend/tests/test_subscription_geo_targeting.py:157: in test_upgrade_options_for_free_tier
    upgrade_options = data["upgrade_options"]
                      ^^^^^^^^^^^^^^^^^^^^^^^
E   KeyError: 'upgrade_options'</failure></testcase><testcase classname="backend.tests.test_subscription_geo_targeting.TestDeviceLimit" name="test_upgrade_options_have_extra_devices" time="0.438"><failure message="KeyError: 'upgrade_options'">backend/tests/test_subscription_geo_targeting.py:179: in test_upgrade_options_have_extra_devices
    for option in data["upgrade_options"]:
                  ^^^^^^^^^^^^^^^^^^^^^^^
E   KeyError: 'upgrade_options'</failure></testcase><testcase classname="backend.tests.test_subscription_geo_targeting.TestTargetingOptions" name="test_targeting_options_returns_200" time="0.038" /><testcase classname="backend.tests.test_subscription_geo_targeting.TestTargetingOptions" name="test_targeting_options_has_geo_targeting" time="0.040" /><testcase classname="backend.tests.test_subscription_geo_targeting.TestTargetingOptions" name="test_african_regions_present" time="0.039" /><testcase classname="backend.tests.test_subscription_geo_targeting.TestTargetingOptions" name="test_african_cities_count" time="0.039" /><testcase classname="backend.tests.test_subscription_geo_targeting.TestTargetingOptions" name="test_major_cities_present" time="0.043" /><testcase classname="backend.tests.test_subscription_geo_targeting.TestTargetingOptions" name="test_african_languages_count" time="0.035" /><testcase classname="backend.tests.test_subscription_geo_targeting.TestTargetingOptions" name="test_key_languages_present" time="0.039" /><testcase classname="backend.tests.test_subscription_geo_targeting.TestTargetingOptions" name="test_demographic_targeting_present" time="0.042" /><testcase classname="backend.tests.test_subscription_geo_targeting.TestTargetingOptions" name="test_device_targeting_present" time="0.045" /><testcase classname="backend.tests.test_subscription_geo_targeting.TestTargetingOptions" name="test_time_targeting_present" time="0.035" /><testcase classname="backend.tests.test_subscription_geo_targeting.TestTargetingOptions" name="test_content_targeting_present" time="0.036" /><testcase classname="backend.tests.test_subscription_geo_targeting.TestTargetingOptions" name="test_example_targeting_config_present" time="0.039" /><testcase classname="backend.tests.test_subscription_geo_targeting.TestGeoServiceFunctions" name="test_region_country_counts" time="0.037" /><testcase classname="backend.tests.test_subscription_geo_targeting.TestGeoServiceFunctions" name="test_cities_have_country_codes" time="0.039" /><testcase classname="backend.tests.test_subscription_geo_targeting.TestGeoServiceFunctions" name="test_lagos_city_data" time="0.038" /><testcase classname="backend.tests.test_subscription_geo_targeting.TestGeoServiceFunctions" name="test_nairobi_city_data" time="0.038" /></testsuite></testsuites>