<?xml version="1.0" encoding="utf-8"?><testsuites name="pytest tests"><testsuite name="pytest" errors="0" failures="0" skipped="0" tests="30" time="5.377" timestamp="2026-02-10T10:28:05.602396+00:00" hostname="agent-env-66df945d-3a97-4077-9c97-18d7ca43e282"><testcase classname="backend.tests.test_subscription_geo_targeting.TestSubscriptionTiers" name="test_get_subscription_tiers_returns_200" time="0.085" /><testcase classname="backend.tests.test_subscription_geo_targeting.TestSubscriptionTiers" name="test_subscription_tiers_structure" time="0.040" /><testcase classname="backend.tests.test_subscription_geo_targeting.TestSubscriptionTiers" name="test_subscription_tier_order" time="0.049" /><testcase classname="backend.tests.test_subscription_geo_targeting.TestSubscriptionTiers" name="test_free_tier_device_limit" time="0.075" /><testcase classname="backend.tests.test_subscription_geo_targeting.TestSubscriptionTiers" name="test_basic_tier_device_limit" time="0.080" /><testcase classname="backend.tests.test_subscription_geo_targeting.TestSubscriptionTiers" name="test_premium_tier_device_limit" time="0.042" /><testcase classname="backend.tests.test_subscription_geo_targeting.TestSubscriptionTiers" name="test_vip_tier_device_limit" time="0.037" /><testcase classname="backend.tests.test_subscription_geo_targeting.TestSubscriptionTiers" name="test_all_tiers_have_required_fields" time="0.040" /><testcase classname="backend.tests.test_subscription_geo_targeting.TestDeviceLimit" name="test_device_limit_requires_auth" time="0.078" /><testcase classname="backend.tests.test_subscription_geo_targeting.TestDeviceLimit" name="test_device_limit_returns_200_with_auth" time="1.669" /><testcase classname="backend.tests.test_subscription_geo_targeting.TestDeviceLimit" name="test_device_limit_response_structure" time="0.618" /><testcase classname="backend.tests.test_subscription_geo_targeting.TestDeviceLimit" name="test_new_user_has_free_tier" time="0.613" /><testcase classname="backend.tests.test_subscription_geo_targeting.TestDeviceLimit" name="test_upgrade_options_for_free_tier" time="0.604" /><testcase classname="backend.tests.test_subscription_geo_targeting.TestDeviceLimit" name="test_upgrade_options_have_extra_devices" time="0.609" /><testcase classname="backend.tests.test_subscription_geo_targeting.TestTargetingOptions" name="test_targeting_options_returns_200" time="0.038" /><testcase classname="backend.tests.test_subscription_geo_targeting.TestTargetingOptions" name="test_targeting_options_has_geo_targeting" time="0.038" /><testcase classname="backend.tests.test_subscription_geo_targeting.TestTargetingOptions" name="test_african_regions_present" time="0.037" /><testcase classname="backend.tests.test_subscription_geo_targeting.TestTargetingOptions" name="test_african_cities_count" time="0.043" /><testcase classname="backend.tests.test_subscription_geo_targeting.TestTargetingOptions" name="test_major_cities_present" time="0.036" /><testcase classname="backend.tests.test_subscription_geo_targeting.TestTargetingOptions" name="test_african_languages_count" time="0.038" /><testcase classname="backend.tests.test_subscription_geo_targeting.TestTargetingOptions" name="test_key_languages_present" time="0.038" /><testcase classname="backend.tests.test_subscription_geo_targeting.TestTargetingOptions" name="test_demographic_targeting_present" time="0.037" /><testcase classname="backend.tests.test_subscription_geo_targeting.TestTargetingOptions" name="test_device_targeting_present" time="0.042" /><testcase classname="backend.tests.test_subscription_geo_targeting.TestTargetingOptions" name="test_time_targeting_present" time="0.037" /><testcase classname="backend.tests.test_subscription_geo_targeting.TestTargetingOptions" name="test_content_targeting_present" time="0.061" /><testcase classname="backend.tests.test_subscription_geo_targeting.TestTargetingOptions" name="test_example_targeting_config_present" time="0.043" /><testcase classname="backend.tests.test_subscription_geo_targeting.TestGeoServiceFunctions" name="test_region_country_counts" time="0.038" /><testcase classname="backend.tests.test_subscription_geo_targeting.TestGeoServiceFunctions" name="test_cities_have_country_codes" time="0.042" /><testcase classname="backend.tests.test_subscription_geo_targeting.TestGeoServiceFunctions" name="test_lagos_city_data" time="0.039" /><testcase classname="backend.tests.test_subscription_geo_targeting.TestGeoServiceFunctions" name="test_nairobi_city_data" time="0.036" /></testsuite></testsuites>