<?xml version="1.0" encoding="utf-8"?><testsuites name="pytest tests"><testsuite name="pytest" errors="0" failures="1" skipped="0" tests="18" time="8.673" timestamp="2026-02-10T11:20:18.200093+00:00" hostname="agent-env-66df945d-3a97-4077-9c97-18d7ca43e282"><testcase classname="backend.tests.test_subscriptions.TestSubscriptionTiers" name="test_get_tiers_without_country" time="0.099" /><testcase classname="backend.tests.test_subscriptions.TestSubscriptionTiers" name="test_get_tiers_with_kenya_country_code" time="0.037" /><testcase classname="backend.tests.test_subscriptions.TestSubscriptionTiers" name="test_get_tiers_with_nigeria_country_code" time="0.044" /><testcase classname="backend.tests.test_subscriptions.TestPaymentProviders" name="test_get_kenya_payment_providers" time="0.043" /><testcase classname="backend.tests.test_subscriptions.TestPaymentProviders" name="test_get_nigeria_payment_providers" time="0.043" /><testcase classname="backend.tests.test_subscriptions.TestPaymentProviders" name="test_get_tanzania_payment_providers" time="0.037" /><testcase classname="backend.tests.test_subscriptions.TestPaymentProviders" name="test_get_unknown_country_defaults_to_kenya" time="0.040" /><testcase classname="backend.tests.test_subscriptions.TestAuthenticatedEndpoints" name="test_get_my_subscription_free_tier" time="0.729" /><testcase classname="backend.tests.test_subscriptions.TestAuthenticatedEndpoints" name="test_upgrade_requires_phone_for_mobile_money" time="0.677" /><testcase classname="backend.tests.test_subscriptions.TestAuthenticatedEndpoints" name="test_upgrade_with_mobile_money" time="0.668" /><testcase classname="backend.tests.test_subscriptions.TestAuthenticatedEndpoints" name="test_cannot_downgrade_subscription" time="0.818" /><testcase classname="backend.tests.test_subscriptions.TestAuthenticatedEndpoints" name="test_cannot_upgrade_to_free_tier" time="0.714" /><testcase classname="backend.tests.test_subscriptions.TestAuthenticatedEndpoints" name="test_invalid_tier_returns_error" time="0.677" /><testcase classname="backend.tests.test_subscriptions.TestPaymentFlow" name="test_full_upgrade_flow_with_simulate_success" time="0.849" /><testcase classname="backend.tests.test_subscriptions.TestPaymentFlow" name="test_payment_status_for_nonexistent_payment" time="0.716" /><testcase classname="backend.tests.test_subscriptions.TestPaymentFlow" name="test_cannot_simulate_success_twice" time="0.784" /><testcase classname="backend.tests.test_subscriptions.TestCancelSubscription" name="test_cancel_free_tier_returns_error" time="0.699"><failure message="assert 404 == 400&#10; +  where 404 = &lt;Response [404]&gt;.status_code">backend/tests/test_subscriptions.py:538: in test_cancel_free_tier_returns_error
    assert response.status_code == 400
E   assert 404 == 400
E    +  where 404 = &lt;Response [404]&gt;.status_code</failure></testcase><testcase classname="backend.tests.test_subscriptions.TestCancelSubscription" name="test_cancel_paid_subscription" time="0.776" /></testsuite></testsuites>