<?xml version="1.0" encoding="utf-8"?><testsuites name="pytest tests"><testsuite name="pytest" errors="0" failures="0" skipped="0" tests="11" time="2.941" timestamp="2026-02-05T11:45:43.907219+00:00" hostname="agent-env-debb4cde-b2b5-4998-9234-60e9a1b36875"><testcase classname="backend.tests.test_subtitle_management.TestSubtitleTemplate" name="test_subtitle_template_returns_vtt" time="0.081" /><testcase classname="backend.tests.test_subtitle_management.TestSubtitleTemplate" name="test_subtitle_template_download_header" time="0.042" /><testcase classname="backend.tests.test_subtitle_management.TestSubtitleManagement" name="test_upload_english_subtitle" time="0.399" /><testcase classname="backend.tests.test_subtitle_management.TestSubtitleManagement" name="test_upload_swahili_subtitle" time="0.311" /><testcase classname="backend.tests.test_subtitle_management.TestSubtitleManagement" name="test_upload_french_subtitle" time="0.346" /><testcase classname="backend.tests.test_subtitle_management.TestSubtitleManagement" name="test_get_subtitles" time="0.297" /><testcase classname="backend.tests.test_subtitle_management.TestSubtitleManagement" name="test_delete_subtitle" time="0.353" /><testcase classname="backend.tests.test_subtitle_management.TestSubtitleManagement" name="test_invalid_language_rejected" time="0.308" /><testcase classname="backend.tests.test_subtitle_management.TestSubtitleManagement" name="test_unauthenticated_request_rejected" time="0.039" /><testcase classname="backend.tests.test_subtitle_management.TestCreatorStatus" name="test_demo_user_is_approved_creator" time="0.300" /><testcase classname="backend.tests.test_subtitle_management.TestCreatorStatus" name="test_creator_has_series_with_episodes" time="0.344" /></testsuite></testsuites>