<?xml version="1.0" encoding="utf-8"?><testsuites name="pytest tests"><testsuite name="pytest" errors="0" failures="0" skipped="0" tests="11" time="2.756" timestamp="2026-02-27T17:52:06.755437+00:00" hostname="agent-env-de4fe4d1-98aa-4bc0-a069-e04358105cc3"><testcase classname="backend.tests.test_super_creator_content.TestCreatorSeriesAPI" name="test_creator_status_endpoint" time="0.643" /><testcase classname="backend.tests.test_super_creator_content.TestCreatorSeriesAPI" name="test_get_creator_series" time="0.160" /><testcase classname="backend.tests.test_super_creator_content.TestCreatorSeriesAPI" name="test_create_series_for_self" time="0.194" /><testcase classname="backend.tests.test_super_creator_content.TestCreatorSeriesAPI" name="test_create_series_with_attribution" time="0.122" /><testcase classname="backend.tests.test_super_creator_content.TestCreatorSeriesAPI" name="test_series_model_has_attribution_fields" time="0.148" /><testcase classname="backend.tests.test_super_creator_content.TestSuperCreatorStatus" name="test_super_creator_status_endpoint" time="0.532" /><testcase classname="backend.tests.test_super_creator_content.TestSuperCreatorStatus" name="test_super_creator_dashboard" time="0.134" /><testcase classname="backend.tests.test_super_creator_content.TestSuperCreatorStatus" name="test_super_creator_sub_creators_list" time="0.128" /><testcase classname="backend.tests.test_super_creator_content.TestSuperCreatorStatus" name="test_create_sub_creator_endpoint" time="0.112" /><testcase classname="backend.tests.test_super_creator_content.TestCarouselNavigation" name="test_series_list_endpoint" time="0.155" /><testcase classname="backend.tests.test_super_creator_content.TestCarouselNavigation" name="test_series_detail_endpoint" time="0.375" /></testsuite></testsuites>