<?xml version="1.0" encoding="utf-8"?><testsuites name="pytest tests"><testsuite name="pytest" errors="0" failures="0" skipped="0" tests="24" time="4.026" timestamp="2026-02-23T12:15:59.484024+00:00" hostname="agent-env-82cb7a20-56d0-4a85-b80a-62e9d3509c44"><testcase classname="backend.tests.test_tip_integration.TestTipsAPI" name="test_tips_tiers_endpoint" time="0.280" /><testcase classname="backend.tests.test_tip_integration.TestTipsAPI" name="test_tips_tiers_amounts" time="0.115" /><testcase classname="backend.tests.test_tip_integration.TestTipsAPI" name="test_tips_send_requires_auth" time="0.152" /><testcase classname="backend.tests.test_tip_integration.TestTipsAPI" name="test_tips_send_invalid_tier" time="0.558" /><testcase classname="backend.tests.test_tip_integration.TestTipsAPI" name="test_tips_send_nonexistent_creator" time="0.165" /><testcase classname="backend.tests.test_tip_integration.TestTipGoalsAPI" name="test_tip_goals_creator_endpoint" time="0.109" /><testcase classname="backend.tests.test_tip_integration.TestTipGoalsAPI" name="test_tip_goals_get_by_id_not_found" time="0.114" /><testcase classname="backend.tests.test_tip_integration.TestTipGoalsAPI" name="test_tip_goals_create_requires_auth" time="0.113" /><testcase classname="backend.tests.test_tip_integration.TestTipGoalsAPI" name="test_tip_goals_contribute_requires_auth" time="0.114" /><testcase classname="backend.tests.test_tip_integration.TestTipGoalsAPI" name="test_tip_goals_contribute_not_found" time="0.128" /><testcase classname="backend.tests.test_tip_integration.TestTipGoalsAPI" name="test_tip_goals_contributions_not_found" time="0.108" /><testcase classname="backend.tests.test_tip_integration.TestTipGoalsAPI" name="test_tip_goals_my_goals_requires_auth" time="0.114" /><testcase classname="backend.tests.test_tip_integration.TestTipGoalsAPI" name="test_tip_goals_my_goals_returns_list" time="0.115" /><testcase classname="backend.tests.test_tip_integration.TestEarlyAccessAPI" name="test_early_access_tiers_endpoint" time="0.107" /><testcase classname="backend.tests.test_tip_integration.TestEarlyAccessAPI" name="test_early_access_tiers_structure" time="0.126" /><testcase classname="backend.tests.test_tip_integration.TestEarlyAccessAPI" name="test_early_access_tiers_values" time="0.105" /><testcase classname="backend.tests.test_tip_integration.TestEarlyAccessAPI" name="test_early_access_subscribe_requires_auth" time="0.115" /><testcase classname="backend.tests.test_tip_integration.TestEarlyAccessAPI" name="test_early_access_my_subscriptions_requires_auth" time="0.150" /><testcase classname="backend.tests.test_tip_integration.TestEarlyAccessAPI" name="test_early_access_my_subscriptions_returns_list" time="0.110" /><testcase classname="backend.tests.test_tip_integration.TestEarlyAccessAPI" name="test_early_access_check_requires_auth" time="0.109" /><testcase classname="backend.tests.test_tip_integration.TestEarlyAccessAPI" name="test_early_access_check_returns_status" time="0.124" /><testcase classname="backend.tests.test_tip_integration.TestTipIntegration" name="test_all_tip_endpoints_accessible" time="0.447" /><testcase classname="backend.tests.test_tip_integration.TestTipIntegration" name="test_tips_creator_stats_structure" time="0.132" /><testcase classname="backend.tests.test_tip_integration.TestTipIntegration" name="test_tips_user_history_structure" time="0.118" /></testsuite></testsuites>