<?xml version="1.0" encoding="utf-8"?><testsuites name="pytest tests"><testsuite name="pytest" errors="0" failures="0" skipped="0" tests="26" time="5.168" timestamp="2026-03-02T15:47:42.102155+00:00" hostname="agent-env-212139b4-932c-4f14-abdc-7d4dac368972"><testcase classname="backend.tests.test_tip_shop_transactions.TestTipEndpoint" name="test_tip_success" time="0.257" /><testcase classname="backend.tests.test_tip_shop_transactions.TestTipEndpoint" name="test_tip_with_message" time="0.241" /><testcase classname="backend.tests.test_tip_shop_transactions.TestTipEndpoint" name="test_tip_without_message" time="0.240" /><testcase classname="backend.tests.test_tip_shop_transactions.TestTipEndpoint" name="test_tip_minimum_amount" time="0.238" /><testcase classname="backend.tests.test_tip_shop_transactions.TestTipEndpoint" name="test_tip_invalid_amount_zero" time="0.235" /><testcase classname="backend.tests.test_tip_shop_transactions.TestTipEndpoint" name="test_tip_invalid_amount_negative" time="0.235" /><testcase classname="backend.tests.test_tip_shop_transactions.TestTipEndpoint" name="test_tip_exceeds_maximum" time="0.235" /><testcase classname="backend.tests.test_tip_shop_transactions.TestTipEndpoint" name="test_tip_nonexistent_creator" time="0.236" /><testcase classname="backend.tests.test_tip_shop_transactions.TestTipEndpoint" name="test_tip_without_auth" time="0.237" /><testcase classname="backend.tests.test_tip_shop_transactions.TestRecentTips" name="test_get_recent_tips" time="0.006" /><testcase classname="backend.tests.test_tip_shop_transactions.TestRecentTips" name="test_get_recent_tips_with_limit" time="0.006" /><testcase classname="backend.tests.test_tip_shop_transactions.TestShopItems" name="test_get_creator_shop" time="0.007" /><testcase classname="backend.tests.test_tip_shop_transactions.TestShopItems" name="test_get_shop_digital_items_only" time="0.007" /><testcase classname="backend.tests.test_tip_shop_transactions.TestShopItems" name="test_get_shop_physical_items_only" time="0.007" /><testcase classname="backend.tests.test_tip_shop_transactions.TestShopPurchase" name="test_purchase_digital_item" time="0.254" /><testcase classname="backend.tests.test_tip_shop_transactions.TestShopPurchase" name="test_purchase_physical_item_with_shipping" time="0.253" /><testcase classname="backend.tests.test_tip_shop_transactions.TestShopPurchase" name="test_purchase_physical_without_address" time="0.241" /><testcase classname="backend.tests.test_tip_shop_transactions.TestShopPurchase" name="test_purchase_nonexistent_item" time="0.241" /><testcase classname="backend.tests.test_tip_shop_transactions.TestShopPurchase" name="test_purchase_without_auth" time="0.238" /><testcase classname="backend.tests.test_tip_shop_transactions.TestCreatorShopManagement" name="test_get_my_items_requires_creator" time="0.236" /><testcase classname="backend.tests.test_tip_shop_transactions.TestCreatorShopManagement" name="test_get_my_orders_requires_creator" time="0.235" /><testcase classname="backend.tests.test_tip_shop_transactions.TestUserPurchases" name="test_get_my_purchases" time="0.235" /><testcase classname="backend.tests.test_tip_shop_transactions.TestUserPurchases" name="test_get_my_purchases_filtered" time="0.235" /><testcase classname="backend.tests.test_tip_shop_transactions.TestUserPurchases" name="test_get_my_purchases_no_auth" time="0.232" /><testcase classname="backend.tests.test_tip_shop_transactions.TestCoinTransactionIntegrity" name="test_tip_90_percent_to_creator" time="0.236" /><testcase classname="backend.tests.test_tip_shop_transactions.TestCoinTransactionIntegrity" name="test_shop_purchase_85_percent_to_creator" time="0.244" /></testsuite></testsuites>