<?xml version="1.0" encoding="utf-8"?><testsuites name="pytest tests"><testsuite name="pytest" errors="0" failures="12" skipped="6" tests="18" time="0.164" timestamp="2026-02-23T10:32:21.086065+00:00" hostname="agent-env-0d8a46b0-04db-49f6-94eb-9e2234619949"><testcase classname="backend.tests.test_tips.TestTipTiers" name="test_get_tip_tiers_returns_5_tiers" time="0.004"><failure message="AssertionError: Expected 200, got 403&#10;assert 403 == 200&#10; +  where 403 = &lt;Response [403]&gt;.status_code">backend/tests/test_tips.py:28: in test_get_tip_tiers_returns_5_tiers
    assert response.status_code == 200, f"Expected 200, got {response.status_code}"
E   AssertionError: Expected 200, got 403
E   assert 403 == 200
E    +  where 403 = &lt;Response [403]&gt;.status_code</failure></testcase><testcase classname="backend.tests.test_tips.TestTipTiers" name="test_tip_tiers_have_correct_amounts" time="0.003"><failure message="assert 403 == 200&#10; +  where 403 = &lt;Response [403]&gt;.status_code">backend/tests/test_tips.py:39: in test_tip_tiers_have_correct_amounts
    assert response.status_code == 200
E   assert 403 == 200
E    +  where 403 = &lt;Response [403]&gt;.status_code</failure></testcase><testcase classname="backend.tests.test_tips.TestTipTiers" name="test_tip_tiers_have_effects" time="0.003"><failure message="assert 403 == 200&#10; +  where 403 = &lt;Response [403]&gt;.status_code">backend/tests/test_tips.py:59: in test_tip_tiers_have_effects
    assert response.status_code == 200
E   assert 403 == 200
E    +  where 403 = &lt;Response [403]&gt;.status_code</failure></testcase><testcase classname="backend.tests.test_tips.TestTipTiers" name="test_tip_tiers_have_labels" time="0.002"><failure message="assert 403 == 200&#10; +  where 403 = &lt;Response [403]&gt;.status_code">backend/tests/test_tips.py:72: in test_tip_tiers_have_labels
    assert response.status_code == 200
E   assert 403 == 200
E    +  where 403 = &lt;Response [403]&gt;.status_code</failure></testcase><testcase classname="backend.tests.test_tips.TestCreatorTipStats" name="test_creator_stats_requires_auth" time="0.003"><failure message="AssertionError: Should require authentication, got 403&#10;assert 403 == 401&#10; +  where 403 = &lt;Response [403]&gt;.status_code">backend/tests/test_tips.py:98: in test_creator_stats_requires_auth
    assert response.status_code == 401, f"Should require authentication, got {response.status_code}"
E   AssertionError: Should require authentication, got 403
E   assert 403 == 401
E    +  where 403 = &lt;Response [403]&gt;.status_code</failure></testcase><testcase classname="backend.tests.test_tips.TestCreatorTipStats" name="test_creator_stats_returns_statistics" time="0.003"><skipped type="pytest.skip" message="Authentication failed">/app/backend/tests/test_tips.py:100: Authentication failed</skipped></testcase><testcase classname="backend.tests.test_tips.TestCreatorTipStats" name="test_creator_stats_numeric_values" time="0.002"><skipped type="pytest.skip" message="Authentication failed">/app/backend/tests/test_tips.py:126: Authentication failed</skipped></testcase><testcase classname="backend.tests.test_tips.TestGlobalLeaderboard" name="test_global_leaderboard_returns_leaderboard" time="0.003"><failure message="AssertionError: Expected 200, got 403&#10;assert 403 == 200&#10; +  where 403 = &lt;Response [403]&gt;.status_code">backend/tests/test_tips.py:157: in test_global_leaderboard_returns_leaderboard
    assert response.status_code == 200, f"Expected 200, got {response.status_code}"
E   AssertionError: Expected 200, got 403
E   assert 403 == 200
E    +  where 403 = &lt;Response [403]&gt;.status_code</failure></testcase><testcase classname="backend.tests.test_tips.TestGlobalLeaderboard" name="test_global_leaderboard_default_timeframe" time="0.002"><failure message="assert 403 == 200&#10; +  where 403 = &lt;Response [403]&gt;.status_code">backend/tests/test_tips.py:167: in test_global_leaderboard_default_timeframe
    assert response.status_code == 200
E   assert 403 == 200
E    +  where 403 = &lt;Response [403]&gt;.status_code</failure></testcase><testcase classname="backend.tests.test_tips.TestGlobalLeaderboard" name="test_global_leaderboard_week_timeframe" time="0.002"><failure message="assert 403 == 200&#10; +  where 403 = &lt;Response [403]&gt;.status_code">backend/tests/test_tips.py:175: in test_global_leaderboard_week_timeframe
    assert response.status_code == 200
E   assert 403 == 200
E    +  where 403 = &lt;Response [403]&gt;.status_code</failure></testcase><testcase classname="backend.tests.test_tips.TestGlobalLeaderboard" name="test_global_leaderboard_month_timeframe" time="0.002"><failure message="assert 403 == 200&#10; +  where 403 = &lt;Response [403]&gt;.status_code">backend/tests/test_tips.py:183: in test_global_leaderboard_month_timeframe
    assert response.status_code == 200
E   assert 403 == 200
E    +  where 403 = &lt;Response [403]&gt;.status_code</failure></testcase><testcase classname="backend.tests.test_tips.TestGlobalLeaderboard" name="test_global_leaderboard_limit_parameter" time="0.002"><failure message="assert 403 == 200&#10; +  where 403 = &lt;Response [403]&gt;.status_code">backend/tests/test_tips.py:191: in test_global_leaderboard_limit_parameter
    assert response.status_code == 200
E   assert 403 == 200
E    +  where 403 = &lt;Response [403]&gt;.status_code</failure></testcase><testcase classname="backend.tests.test_tips.TestCreatorLeaderboard" name="test_creator_leaderboard" time="0.002"><skipped type="pytest.skip" message="Authentication failed">/app/backend/tests/test_tips.py:222: Authentication failed</skipped></testcase><testcase classname="backend.tests.test_tips.TestSendTip" name="test_send_tip_requires_auth" time="0.002"><failure message="AssertionError: Should require authentication, got 403&#10;assert 403 == 401&#10; +  where 403 = &lt;Response [403]&gt;.status_code">backend/tests/test_tips.py:253: in test_send_tip_requires_auth
    assert response.status_code == 401, f"Should require authentication, got {response.status_code}"
E   AssertionError: Should require authentication, got 403
E   assert 403 == 401
E    +  where 403 = &lt;Response [403]&gt;.status_code</failure></testcase><testcase classname="backend.tests.test_tips.TestSendTip" name="test_send_tip_invalid_tier" time="0.002"><skipped type="pytest.skip" message="Authentication failed">/app/backend/tests/test_tips.py:255: Authentication failed</skipped></testcase><testcase classname="backend.tests.test_tips.TestSendTip" name="test_send_tip_to_nonexistent_creator" time="0.002"><skipped type="pytest.skip" message="Authentication failed">/app/backend/tests/test_tips.py:269: Authentication failed</skipped></testcase><testcase classname="backend.tests.test_tips.TestUserTipHistory" name="test_user_history_requires_auth" time="0.003"><failure message="AssertionError: Should require authentication, got 403&#10;assert 403 == 401&#10; +  where 403 = &lt;Response [403]&gt;.status_code">backend/tests/test_tips.py:299: in test_user_history_requires_auth
    assert response.status_code == 401, f"Should require authentication, got {response.status_code}"
E   AssertionError: Should require authentication, got 403
E   assert 403 == 401
E    +  where 403 = &lt;Response [403]&gt;.status_code</failure></testcase><testcase classname="backend.tests.test_tips.TestUserTipHistory" name="test_user_history_returns_structure" time="0.003"><skipped type="pytest.skip" message="Authentication failed">/app/backend/tests/test_tips.py:301: Authentication failed</skipped></testcase></testsuite></testsuites>