<?xml version="1.0" encoding="utf-8"?><testsuites name="pytest tests"><testsuite name="pytest" errors="0" failures="0" skipped="0" tests="18" time="1.556" timestamp="2026-02-23T10:33:59.152222+00:00" hostname="agent-env-0d8a46b0-04db-49f6-94eb-9e2234619949"><testcase classname="backend.tests.test_tips.TestTipTiers" name="test_get_tip_tiers_returns_5_tiers" time="0.008" /><testcase classname="backend.tests.test_tips.TestTipTiers" name="test_tip_tiers_have_correct_amounts" time="0.005" /><testcase classname="backend.tests.test_tips.TestTipTiers" name="test_tip_tiers_have_effects" time="0.004" /><testcase classname="backend.tests.test_tips.TestTipTiers" name="test_tip_tiers_have_labels" time="0.004" /><testcase classname="backend.tests.test_tips.TestCreatorTipStats" name="test_creator_stats_requires_auth" time="0.004" /><testcase classname="backend.tests.test_tips.TestCreatorTipStats" name="test_creator_stats_returns_statistics" time="0.246" /><testcase classname="backend.tests.test_tips.TestCreatorTipStats" name="test_creator_stats_numeric_values" time="0.238" /><testcase classname="backend.tests.test_tips.TestGlobalLeaderboard" name="test_global_leaderboard_returns_leaderboard" time="0.005" /><testcase classname="backend.tests.test_tips.TestGlobalLeaderboard" name="test_global_leaderboard_default_timeframe" time="0.005" /><testcase classname="backend.tests.test_tips.TestGlobalLeaderboard" name="test_global_leaderboard_week_timeframe" time="0.004" /><testcase classname="backend.tests.test_tips.TestGlobalLeaderboard" name="test_global_leaderboard_month_timeframe" time="0.004" /><testcase classname="backend.tests.test_tips.TestGlobalLeaderboard" name="test_global_leaderboard_limit_parameter" time="0.005" /><testcase classname="backend.tests.test_tips.TestCreatorLeaderboard" name="test_creator_leaderboard" time="0.238" /><testcase classname="backend.tests.test_tips.TestSendTip" name="test_send_tip_requires_auth" time="0.004" /><testcase classname="backend.tests.test_tips.TestSendTip" name="test_send_tip_invalid_tier" time="0.235" /><testcase classname="backend.tests.test_tips.TestSendTip" name="test_send_tip_to_nonexistent_creator" time="0.235" /><testcase classname="backend.tests.test_tips.TestUserTipHistory" name="test_user_history_requires_auth" time="0.004" /><testcase classname="backend.tests.test_tips.TestUserTipHistory" name="test_user_history_returns_structure" time="0.235" /></testsuite></testsuites>