<?xml version="1.0" encoding="utf-8"?><testsuites name="pytest tests"><testsuite name="pytest" errors="0" failures="12" skipped="1" tests="13" time="1.102" timestamp="2026-02-21T13:57:58.439180+00:00" hostname="agent-env-bbda6e6b-762c-4ced-b05c-8323ecf39597"><testcase classname="backend.tests.test_video_fallback_system.TestVideoFallbackSystem" name="test_episode_api_returns_all_video_formats" time="0.213"><failure message="AssertionError: Expected 200, got 403: {&quot;detail&quot;:&quot;Automated requests are not allowed&quot;}&#10;assert 403 == 200&#10; +  where 403 = &lt;Response [403]&gt;.status_code">backend/tests/test_video_fallback_system.py:38: in test_episode_api_returns_all_video_formats
    assert response.status_code == 200, f"Expected 200, got {response.status_code}: {response.text}"
E   AssertionError: Expected 200, got 403: {"detail":"Automated requests are not allowed"}
E   assert 403 == 200
E    +  where 403 = &lt;Response [403]&gt;.status_code</failure></testcase><testcase classname="backend.tests.test_video_fallback_system.TestVideoFallbackSystem" name="test_mp4_urls_has_multiple_qualities" time="0.063"><failure message="assert 403 == 200&#10; +  where 403 = &lt;Response [403]&gt;.status_code">backend/tests/test_video_fallback_system.py:64: in test_mp4_urls_has_multiple_qualities
    assert response.status_code == 200
E   assert 403 == 200
E    +  where 403 = &lt;Response [403]&gt;.status_code</failure></testcase><testcase classname="backend.tests.test_video_fallback_system.TestVideoFallbackSystem" name="test_hls_url_format" time="0.060"><failure message="assert 403 == 200&#10; +  where 403 = &lt;Response [403]&gt;.status_code">backend/tests/test_video_fallback_system.py:87: in test_hls_url_format
    assert response.status_code == 200
E   assert 403 == 200
E    +  where 403 = &lt;Response [403]&gt;.status_code</failure></testcase><testcase classname="backend.tests.test_video_fallback_system.TestVideoFallbackSystem" name="test_embed_url_format" time="0.059"><failure message="assert 403 == 200&#10; +  where 403 = &lt;Response [403]&gt;.status_code">backend/tests/test_video_fallback_system.py:103: in test_embed_url_format
    assert response.status_code == 200
E   assert 403 == 200
E    +  where 403 = &lt;Response [403]&gt;.status_code</failure></testcase><testcase classname="backend.tests.test_video_fallback_system.TestVideoFallbackSystem" name="test_mp4_720p_url_accessible" time="0.053"><failure message="assert 403 == 200&#10; +  where 403 = &lt;Response [403]&gt;.status_code">backend/tests/test_video_fallback_system.py:119: in test_mp4_720p_url_accessible
    assert response.status_code == 200
E   assert 403 == 200
E    +  where 403 = &lt;Response [403]&gt;.status_code</failure></testcase><testcase classname="backend.tests.test_video_fallback_system.TestVideoFallbackSystem" name="test_mp4_480p_url_accessible" time="0.053"><failure message="assert 403 == 200&#10; +  where 403 = &lt;Response [403]&gt;.status_code">backend/tests/test_video_fallback_system.py:152: in test_mp4_480p_url_accessible
    assert response.status_code == 200
E   assert 403 == 200
E    +  where 403 = &lt;Response [403]&gt;.status_code</failure></testcase><testcase classname="backend.tests.test_video_fallback_system.TestVideoFallbackSystem" name="test_mp4_360p_url_accessible" time="0.066"><failure message="assert 403 == 200&#10; +  where 403 = &lt;Response [403]&gt;.status_code">backend/tests/test_video_fallback_system.py:173: in test_mp4_360p_url_accessible
    assert response.status_code == 200
E   assert 403 == 200
E    +  where 403 = &lt;Response [403]&gt;.status_code</failure></testcase><testcase classname="backend.tests.test_video_fallback_system.TestVideoFallbackSystem" name="test_default_mp4_url_is_best_quality" time="0.058"><failure message="assert 403 == 200&#10; +  where 403 = &lt;Response [403]&gt;.status_code">backend/tests/test_video_fallback_system.py:195: in test_default_mp4_url_is_best_quality
    assert response.status_code == 200
E   assert 403 == 200
E    +  where 403 = &lt;Response [403]&gt;.status_code</failure></testcase><testcase classname="backend.tests.test_video_fallback_system.TestVideoFallbackSystem" name="test_bunny_video_id_generates_urls" time="0.055"><failure message="assert 403 == 200&#10; +  where 403 = &lt;Response [403]&gt;.status_code">backend/tests/test_video_fallback_system.py:217: in test_bunny_video_id_generates_urls
    assert response.status_code == 200
E   assert 403 == 200
E    +  where 403 = &lt;Response [403]&gt;.status_code</failure></testcase><testcase classname="backend.tests.test_video_fallback_system.TestVideoFallbackSystem" name="test_free_episode_is_unlocked" time="0.056"><failure message="assert 403 == 200&#10; +  where 403 = &lt;Response [403]&gt;.status_code">backend/tests/test_video_fallback_system.py:245: in test_free_episode_is_unlocked
    assert response.status_code == 200
E   assert 403 == 200
E    +  where 403 = &lt;Response [403]&gt;.status_code</failure></testcase><testcase classname="backend.tests.test_video_fallback_system.TestVideoFallbackSystem" name="test_series_episodes_have_video_urls" time="0.058"><failure message="assert 403 == 200&#10; +  where 403 = &lt;Response [403]&gt;.status_code">backend/tests/test_video_fallback_system.py:262: in test_series_episodes_have_video_urls
    assert ep_response.status_code == 200
E   assert 403 == 200
E    +  where 403 = &lt;Response [403]&gt;.status_code</failure></testcase><testcase classname="backend.tests.test_video_fallback_system.TestVideoFallbackEdgeCases" name="test_nonexistent_episode_returns_404" time="0.112"><failure message="assert 403 == 404&#10; +  where 403 = &lt;Response [403]&gt;.status_code">backend/tests/test_video_fallback_system.py:297: in test_nonexistent_episode_returns_404
    assert response.status_code == 404
E   assert 403 == 404
E    +  where 403 = &lt;Response [403]&gt;.status_code</failure></testcase><testcase classname="backend.tests.test_video_fallback_system.TestVideoFallbackEdgeCases" name="test_api_response_structure" time="0.055"><skipped type="pytest.skip" message="Test episode not available: 403">/app/backend/tests/test_video_fallback_system.py:306: Test episode not available: 403</skipped></testcase></testsuite></testsuites>