<?xml version="1.0" encoding="utf-8"?><testsuites name="pytest tests"><testsuite name="pytest" errors="0" failures="0" skipped="0" tests="13" time="2.092" timestamp="2026-02-21T13:58:29.492401+00:00" hostname="agent-env-bbda6e6b-762c-4ced-b05c-8323ecf39597"><testcase classname="backend.tests.test_video_fallback_system.TestVideoFallbackSystem" name="test_episode_api_returns_all_video_formats" time="0.162" /><testcase classname="backend.tests.test_video_fallback_system.TestVideoFallbackSystem" name="test_mp4_urls_has_multiple_qualities" time="0.077" /><testcase classname="backend.tests.test_video_fallback_system.TestVideoFallbackSystem" name="test_hls_url_format" time="0.067" /><testcase classname="backend.tests.test_video_fallback_system.TestVideoFallbackSystem" name="test_embed_url_format" time="0.160" /><testcase classname="backend.tests.test_video_fallback_system.TestVideoFallbackSystem" name="test_mp4_720p_url_accessible" time="0.177" /><testcase classname="backend.tests.test_video_fallback_system.TestVideoFallbackSystem" name="test_mp4_480p_url_accessible" time="0.655" /><testcase classname="backend.tests.test_video_fallback_system.TestVideoFallbackSystem" name="test_mp4_360p_url_accessible" time="0.250" /><testcase classname="backend.tests.test_video_fallback_system.TestVideoFallbackSystem" name="test_default_mp4_url_is_best_quality" time="0.059" /><testcase classname="backend.tests.test_video_fallback_system.TestVideoFallbackSystem" name="test_bunny_video_id_generates_urls" time="0.054" /><testcase classname="backend.tests.test_video_fallback_system.TestVideoFallbackSystem" name="test_free_episode_is_unlocked" time="0.057" /><testcase classname="backend.tests.test_video_fallback_system.TestVideoFallbackSystem" name="test_series_episodes_have_video_urls" time="0.107" /><testcase classname="backend.tests.test_video_fallback_system.TestVideoFallbackEdgeCases" name="test_nonexistent_episode_returns_404" time="0.126" /><testcase classname="backend.tests.test_video_fallback_system.TestVideoFallbackEdgeCases" name="test_api_response_structure" time="0.054" /></testsuite></testsuites>